<?xml version="1.0" encoding="UTF-8"?>
<!-- Generated by org.testng.reporters.JUnitReportReporter -->
<testsuite hostname="LAPTOP-MVNUQ4K1" failures="0" tests="1" name="testpackageUI.iframetest" time="1.968" errors="0" timestamp="2023-01-14T17:34:53 GMT-05:00" skipped="0">
  <testcase classname="testpackageUI.iframetest" name="Frametest" time="1.968"/>
  <system-out/>
</testsuite> <!-- testpackageUI.iframetest -->
