<?xml version="1.0" encoding="UTF-8"?>
<!-- Generated by org.testng.reporters.JUnitReportReporter -->
<testsuite hostname="LAPTOP-MVNUQ4K1" failures="0" tests="2" name="testpackage.DragandDropTest" time="11.829" errors="0" timestamp="2022-11-29T20:32:24 GMT-05:00" skipped="0">
  <testcase classname="testpackage.DragandDropTest" name="DragtestforB" time="4.855"/>
  <system-out/>
  <testcase classname="testpackage.DragandDropTest" name="DragtestforA" time="6.974"/>
  <system-out/>
</testsuite> <!-- testpackage.DragandDropTest -->
