<?xml version="1.0" encoding="UTF-8"?>
<!-- Generated by org.testng.reporters.JUnitReportReporter -->
<testsuite hostname="LAPTOP-MVNUQ4K1" failures="0" tests="2" name="testpackage.DragandDropTest" time="11.565" errors="0" timestamp="2022-12-03T03:39:03 GMT-05:00" skipped="0">
  <testcase classname="testpackage.DragandDropTest" name="DragtestforA" time="6.541"/>
  <system-out/>
  <testcase classname="testpackage.DragandDropTest" name="DragtestforB" time="5.024"/>
  <system-out/>
</testsuite> <!-- testpackage.DragandDropTest -->
