<?xml version="1.0" encoding="UTF-8"?>
<!-- Generated by org.testng.reporters.JUnitReportReporter -->
<testsuite hostname="LAPTOP-MVNUQ4K1" failures="0" tests="3" name="testpackageUI.JSAlertTest" time="4.409" errors="0" timestamp="2023-01-14T17:34:53 GMT-05:00" skipped="0">
  <testcase classname="testpackageUI.JSAlertTest" name="jsconfirmtest" time="1.833"/>
  <system-out/>
  <testcase classname="testpackageUI.JSAlertTest" name="jsalerttest" time="1.283"/>
  <system-out/>
  <testcase classname="testpackageUI.JSAlertTest" name="jsprompttest" time="1.293"/>
  <system-out/>
</testsuite> <!-- testpackageUI.JSAlertTest -->
