<?xml version="1.0" encoding="UTF-8"?>
<!-- Generated by org.testng.reporters.JUnitReportReporter -->
<testsuite hostname="LAPTOP-MVNUQ4K1" failures="0" tests="5" name="testpackage.Dynamiccontroltest" time="28.477" errors="0" timestamp="2022-12-03T03:39:03 GMT-05:00" skipped="0">
  <testcase classname="testpackage.Dynamiccontroltest" name="emptyelementtest" time="6.871"/>
  <system-out/>
  <testcase classname="testpackage.Dynamiccontroltest" name="ACheckboxtest" time="6.982"/>
  <system-out/>
  <testcase classname="testpackage.Dynamiccontroltest" name="emptyelementdisabletest" time="3.849"/>
  <system-out/>
  <testcase classname="testpackage.Dynamiccontroltest" name="Removebuttontest" time="3.653"/>
  <system-out/>
  <testcase classname="testpackage.Dynamiccontroltest" name="Enablebuttontest" time="7.122"/>
  <system-out/>
</testsuite> <!-- testpackage.Dynamiccontroltest -->
