<?xml version="1.0" encoding="UTF-8"?>
<!-- Generated by org.testng.reporters.JUnitReportReporter -->
<testsuite hostname="LAPTOP-MVNUQ4K1" failures="0" tests="3" name="testpackage.JSAlertTest" time="13.772" errors="0" timestamp="2022-11-29T20:32:24 GMT-05:00" skipped="0">
  <testcase classname="testpackage.JSAlertTest" name="jsconfirmtest" time="4.437"/>
  <system-out/>
  <testcase classname="testpackage.JSAlertTest" name="jsprompttest" time="4.483"/>
  <system-out/>
  <testcase classname="testpackage.JSAlertTest" name="jsalerttest" time="4.852"/>
  <system-out/>
</testsuite> <!-- testpackage.JSAlertTest -->
