<?xml version="1.0" encoding="UTF-8"?>
<!-- Generated by org.testng.reporters.JUnitReportReporter -->
<testsuite hostname="LAPTOP-MVNUQ4K1" failures="0" tests="3" name="testpackage.DynamiccontentTest" time="6.354" errors="0" timestamp="2022-12-21T20:13:30 GMT-05:00" skipped="0">
  <testcase classname="testpackage.DynamiccontentTest" name="Dynamiccontent2test" time="2.245"/>
  <system-out/>
  <testcase classname="testpackage.DynamiccontentTest" name="Dynamiccontent3test" time="2.132"/>
  <system-out/>
  <testcase classname="testpackage.DynamiccontentTest" name="Dynamiccontent1test" time="1.977"/>
  <system-out/>
</testsuite> <!-- testpackage.DynamiccontentTest -->
