<?xml version="1.0" encoding="UTF-8"?>
<!-- Generated by org.testng.reporters.JUnitReportReporter -->
<testsuite hostname="LAPTOP-MVNUQ4K1" failures="0" tests="2" name="testpackage.CheckBoxTest" time="11.736" errors="0" timestamp="2022-11-29T20:32:24 GMT-05:00" skipped="0">
  <testcase classname="testpackage.CheckBoxTest" name="UncheckedCheckBoxtest" time="7.632"/>
  <system-out/>
  <testcase classname="testpackage.CheckBoxTest" name="CheckedCheckBoxtest" time="4.104"/>
  <system-out/>
</testsuite> <!-- testpackage.CheckBoxTest -->
