<?xml version="1.0" encoding="UTF-8"?>
<!-- Generated by org.testng.reporters.JUnitReportReporter -->
<testsuite hostname="LAPTOP-MVNUQ4K1" failures="0" tests="1" name="testpackage.MousHoverTest" time="4.238" errors="0" timestamp="2022-11-29T20:32:24 GMT-05:00" skipped="0">
  <testcase classname="testpackage.MousHoverTest" name="img1test" time="4.238"/>
  <system-out/>
</testsuite> <!-- testpackage.MousHoverTest -->
