<?xml version="1.0" encoding="UTF-8"?>
<!-- Generated by org.testng.reporters.JUnitReportReporter -->
<testsuite hostname="LAPTOP-MVNUQ4K1" failures="0" tests="5" name="testpackageUI.Dynamiccontroltest" time="16.021" errors="0" timestamp="2023-01-14T17:34:53 GMT-05:00" skipped="0">
  <testcase classname="testpackageUI.Dynamiccontroltest" name="ACheckboxtest" time="4.455"/>
  <system-out/>
  <testcase classname="testpackageUI.Dynamiccontroltest" name="Removebuttontest" time="1.212"/>
  <system-out/>
  <testcase classname="testpackageUI.Dynamiccontroltest" name="Enablebuttontest" time="4.666"/>
  <system-out/>
  <testcase classname="testpackageUI.Dynamiccontroltest" name="emptyelementdisabletest" time="1.204"/>
  <system-out/>
  <testcase classname="testpackageUI.Dynamiccontroltest" name="emptyelementtest" time="4.484"/>
  <system-out/>
</testsuite> <!-- testpackageUI.Dynamiccontroltest -->
