<?xml version="1.0" encoding="UTF-8"?>
<!-- Generated by org.testng.reporters.JUnitReportReporter -->
<testsuite hostname="LAPTOP-MVNUQ4K1" failures="0" tests="20" name="testpackage.IndexTest" time="61.900" errors="0" timestamp="2022-12-26T16:02:15 GMT-05:00" skipped="0">
  <testcase classname="testpackage.IndexTest" name="indexType" time="2.085"/>
  <system-out/>
  <testcase classname="testpackage.IndexTest" name="geoRegionTest" time="4.065"/>
  <system-out/>
  <testcase classname="testpackage.IndexTest" name="multiAssetTabTest" time="2.015"/>
  <system-out/>
  <testcase classname="testpackage.IndexTest" name="privateMarketTabTest" time="1.922"/>
  <system-out/>
  <testcase classname="testpackage.IndexTest" name="marketingTextTest" time="3.225"/>
  <system-out/>
  <testcase classname="testpackage.IndexTest" name="indexFamilyTest" time="19.564"/>
  <system-out/>
  <testcase classname="testpackage.IndexTest" name="result_20test" time="2.176"/>
  <system-out/>
  <testcase classname="testpackage.IndexTest" name="equityTabTest" time="1.949"/>
  <system-out/>
  <testcase classname="testpackage.IndexTest" name="result_10test" time="2.196"/>
  <system-out/>
  <testcase classname="testpackage.IndexTest" name="esgTabTest" time="2.033"/>
  <system-out/>
  <testcase classname="testpackage.IndexTest" name="indexByKeywordTest" time="1.992"/>
  <system-out/>
  <testcase classname="testpackage.IndexTest" name="indexByNameTest" time="1.866"/>
  <system-out/>
  <testcase classname="testpackage.IndexTest" name="alternativesTabTest" time="2.084"/>
  <system-out/>
  <testcase classname="testpackage.IndexTest" name="weekColumntest" time="2.023"/>
  <system-out/>
  <testcase classname="testpackage.IndexTest" name="tabListTest" time="2.094"/>
  <system-out/>
  <testcase classname="testpackage.IndexTest" name="assetTypeTest" time="2.387"/>
  <system-out/>
  <testcase classname="testpackage.IndexTest" name="allIndexTabTest" time="1.918"/>
  <system-out/>
  <testcase classname="testpackage.IndexTest" name="fixedIncomeTabTest" time="1.917"/>
  <system-out/>
  <testcase classname="testpackage.IndexTest" name="result_50test" time="2.457"/>
  <system-out/>
  <testcase classname="testpackage.IndexTest" name="dayColumntest" time="1.932"/>
  <system-out/>
</testsuite> <!-- testpackage.IndexTest -->
