<?xml version="1.0" encoding="UTF-8"?>
<!-- Generated by org.testng.reporters.JUnitReportReporter -->
<testsuite hostname="LAPTOP-MVNUQ4K1" failures="0" tests="5" name="testpackage.Dynamiccontroltest" time="16.118" errors="0" timestamp="2022-12-26T16:02:15 GMT-05:00" skipped="0">
  <testcase classname="testpackage.Dynamiccontroltest" name="emptyelementtest" time="4.523"/>
  <system-out/>
  <testcase classname="testpackage.Dynamiccontroltest" name="emptyelementdisabletest" time="1.188"/>
  <system-out/>
  <testcase classname="testpackage.Dynamiccontroltest" name="Removebuttontest" time="1.422"/>
  <system-out/>
  <testcase classname="testpackage.Dynamiccontroltest" name="Enablebuttontest" time="4.547"/>
  <system-out/>
  <testcase classname="testpackage.Dynamiccontroltest" name="ACheckboxtest" time="4.438"/>
  <system-out/>
</testsuite> <!-- testpackage.Dynamiccontroltest -->
