<?xml version="1.0" encoding="UTF-8"?>
<!-- Generated by org.testng.reporters.JUnitReportReporter -->
<testsuite hostname="LAPTOP-MVNUQ4K1" failures="0" tests="1" name="testpackage.iframetest" time="5.394" errors="0" timestamp="2022-11-29T20:32:24 GMT-05:00" skipped="0">
  <testcase classname="testpackage.iframetest" name="Frametest" time="5.394"/>
  <system-out/>
</testsuite> <!-- testpackage.iframetest -->
