<?xml version="1.0" encoding="UTF-8"?>
<!-- Generated by org.testng.reporters.JUnitReportReporter -->
<testsuite hostname="LAPTOP-MVNUQ4K1" failures="0" tests="2" name="testpackage.Dropdowntest" time="2.558" errors="0" timestamp="2022-12-15T21:00:45 GMT-05:00" skipped="0">
  <testcase classname="testpackage.Dropdowntest" name="option2test" time="1.255"/>
  <system-out/>
  <testcase classname="testpackage.Dropdowntest" name="option1test" time="1.303"/>
  <system-out/>
</testsuite> <!-- testpackage.Dropdowntest -->
