<?xml version="1.0" encoding="UTF-8"?>
<!-- Generated by org.testng.reporters.JUnitReportReporter -->
<testsuite hostname="LAPTOP-MVNUQ4K1" failures="0" tests="2" name="testpackageUI.CheckBoxTest" time="2.354" errors="0" timestamp="2023-01-14T17:34:53 GMT-05:00" skipped="0">
  <testcase classname="testpackageUI.CheckBoxTest" name="CheckedCheckBoxtest" time="1.172"/>
  <system-out/>
  <testcase classname="testpackageUI.CheckBoxTest" name="UncheckedCheckBoxtest" time="1.182"/>
  <system-out/>
</testsuite> <!-- testpackageUI.CheckBoxTest -->
