<?xml version="1.0" encoding="UTF-8"?>
<!-- Generated by org.testng.reporters.JUnitReportReporter -->
<testsuite hostname="LAPTOP-MVNUQ4K1" failures="0" tests="1" name="testpackage.DynamicLoadingTest" time="6.676" errors="0" timestamp="2023-01-14T17:34:53 GMT-05:00" skipped="0">
  <testcase classname="testpackage.DynamicLoadingTest" name="startbuttontest" time="6.676"/>
  <system-out/>
</testsuite> <!-- testpackage.DynamicLoadingTest -->
