<?xml version="1.0" encoding="UTF-8"?>
<!-- Generated by org.testng.reporters.JUnitReportReporter -->
<testsuite hostname="LAPTOP-MVNUQ4K1" failures="0" tests="2" name="testpackageUI.Dropdowntest" time="2.591" errors="0" timestamp="2023-01-14T17:34:53 GMT-05:00" skipped="0">
  <testcase classname="testpackageUI.Dropdowntest" name="option1test" time="1.286"/>
  <system-out/>
  <testcase classname="testpackageUI.Dropdowntest" name="option2test" time="1.305"/>
  <system-out/>
</testsuite> <!-- testpackageUI.Dropdowntest -->
