<?xml version="1.0" encoding="UTF-8"?>
<!-- Generated by org.testng.reporters.JUnitReportReporter -->
<testsuite hostname="LAPTOP-MVNUQ4K1" failures="0" tests="1" name="testpackage.CheckBoxTest" time="6.326" errors="0" timestamp="2022-11-30T04:24:13 GMT-05:00" skipped="0">
  <testcase classname="testpackage.CheckBoxTest" name="CheckedCheckBoxtest" time="6.326"/>
  <system-out/>
</testsuite> <!-- testpackage.CheckBoxTest -->
