<?xml version="1.0" encoding="UTF-8"?>
<!-- Generated by org.testng.reporters.JUnitReportReporter -->
<testsuite hostname="LAPTOP-MVNUQ4K1" failures="0" tests="2" name="testpackage.DragandDropTest" time="3.348" errors="0" timestamp="2022-12-21T20:13:30 GMT-05:00" skipped="0">
  <testcase classname="testpackage.DragandDropTest" name="DragtestforA" time="1.680"/>
  <system-out/>
  <testcase classname="testpackage.DragandDropTest" name="DragtestforB" time="1.668"/>
  <system-out/>
</testsuite> <!-- testpackage.DragandDropTest -->
