<?xml version="1.0" encoding="UTF-8"?>
<!-- Generated by org.testng.reporters.JUnitReportReporter -->
<testsuite hostname="LAPTOP-MVNUQ4K1" failures="0" tests="20" name="testpackageUI.IndexTest" time="302.411" errors="0" timestamp="2023-01-14T17:34:53 GMT-05:00" skipped="0">
  <testcase classname="testpackageUI.IndexTest" name="indexByNameTest" time="2.413"/>
  <system-out/>
  <testcase classname="testpackageUI.IndexTest" name="tabListTest" time="3.334"/>
  <system-out/>
  <testcase classname="testpackageUI.IndexTest" name="indexByKeywordTest" time="2.826"/>
  <system-out/>
  <testcase classname="testpackageUI.IndexTest" name="equityTabTest" time="2.399"/>
  <system-out/>
  <testcase classname="testpackageUI.IndexTest" name="fixedIncomeTabTest" time="2.464"/>
  <system-out/>
  <testcase classname="testpackageUI.IndexTest" name="result_20test" time="13.388"/>
  <system-out/>
  <testcase classname="testpackageUI.IndexTest" name="result_50test" time="12.771"/>
  <system-out/>
  <testcase classname="testpackageUI.IndexTest" name="indexFamilyTest" time="195.570"/>
  <system-out/>
  <testcase classname="testpackageUI.IndexTest" name="privateMarketTabTest" time="7.341"/>
  <system-out/>
  <testcase classname="testpackageUI.IndexTest" name="result_10test" time="12.781"/>
  <system-out/>
  <testcase classname="testpackageUI.IndexTest" name="marketingTextTest" time="2.249"/>
  <system-out/>
  <testcase classname="testpackageUI.IndexTest" name="allIndexTabTest" time="2.463"/>
  <system-out/>
  <testcase classname="testpackageUI.IndexTest" name="dayColumntest" time="2.471"/>
  <system-out/>
  <testcase classname="testpackageUI.IndexTest" name="weekColumntest" time="7.523"/>
  <system-out/>
  <testcase classname="testpackageUI.IndexTest" name="alternativesTabTest" time="2.295"/>
  <system-out/>
  <testcase classname="testpackageUI.IndexTest" name="assetTypeTest" time="3.000"/>
  <system-out/>
  <testcase classname="testpackageUI.IndexTest" name="geoRegionTest" time="4.541"/>
  <system-out/>
  <testcase classname="testpackageUI.IndexTest" name="indexType" time="12.631"/>
  <system-out/>
  <testcase classname="testpackageUI.IndexTest" name="multiAssetTabTest" time="7.501"/>
  <system-out/>
  <testcase classname="testpackageUI.IndexTest" name="esgTabTest" time="2.450"/>
  <system-out/>
</testsuite> <!-- testpackageUI.IndexTest -->
