<?xml version="1.0" encoding="UTF-8"?>
<!-- Generated by org.testng.reporters.JUnitReportReporter -->
<testsuite hostname="LAPTOP-MVNUQ4K1" failures="0" tests="2" name="testpackage.Dropdowntest" time="8.703" errors="0" timestamp="2022-12-02T17:20:27 GMT-05:00" skipped="0">
  <testcase classname="testpackage.Dropdowntest" name="option2test" time="4.410"/>
  <system-out/>
  <testcase classname="testpackage.Dropdowntest" name="option1test" time="4.293"/>
  <system-out/>
</testsuite> <!-- testpackage.Dropdowntest -->
