<?xml version="1.0" encoding="UTF-8"?>
<!-- Generated by org.testng.reporters.JUnitReportReporter -->
<testsuite hostname="LAPTOP-MVNUQ4K1" failures="0" tests="205" name="testpackageUI.LoginPageTest" time="367.267" errors="0" timestamp="2023-01-14T17:34:53 GMT-05:00" skipped="0">
  <testcase classname="testpackageUI.LoginPageTest" name="loginbuttontest" time="2.100"/>
  <system-out/>
  <testcase classname="testpackageUI.LoginPageTest" name="failloginbuttontest" time="2.394"/>
  <system-out/>
  <testcase classname="testpackageUI.LoginPageTest" name="failloginbuttontest" time="2.229"/>
  <system-out/>
  <testcase classname="testpackageUI.LoginPageTest" name="failloginbuttontest" time="2.415"/>
  <system-out/>
  <testcase classname="testpackageUI.LoginPageTest" name="failloginbuttontest" time="1.512"/>
  <system-out/>
  <testcase classname="testpackageUI.LoginPageTest" name="failloginbuttontest" time="1.589"/>
  <system-out/>
  <testcase classname="testpackageUI.LoginPageTest" name="failloginbuttontest" time="1.618"/>
  <system-out/>
  <testcase classname="testpackageUI.LoginPageTest" name="failloginbuttontest" time="2.359"/>
  <system-out/>
  <testcase classname="testpackageUI.LoginPageTest" name="failloginbuttontest" time="1.556"/>
  <system-out/>
  <testcase classname="testpackageUI.LoginPageTest" name="failloginbuttontest" time="2.415"/>
  <system-out/>
  <testcase classname="testpackageUI.LoginPageTest" name="failloginbuttontest" time="1.525"/>
  <system-out/>
  <testcase classname="testpackageUI.LoginPageTest" name="failloginbuttontest" time="2.496"/>
  <system-out/>
  <testcase classname="testpackageUI.LoginPageTest" name="failloginbuttontest" time="1.595"/>
  <system-out/>
  <testcase classname="testpackageUI.LoginPageTest" name="failloginbuttontest" time="2.215"/>
  <system-out/>
  <testcase classname="testpackageUI.LoginPageTest" name="failloginbuttontest" time="1.493"/>
  <system-out/>
  <testcase classname="testpackageUI.LoginPageTest" name="failloginbuttontest" time="1.472"/>
  <system-out/>
  <testcase classname="testpackageUI.LoginPageTest" name="failloginbuttontest" time="2.456"/>
  <system-out/>
  <testcase classname="testpackageUI.LoginPageTest" name="failloginbuttontest" time="1.610"/>
  <system-out/>
  <testcase classname="testpackageUI.LoginPageTest" name="failloginbuttontest" time="1.955"/>
  <system-out/>
  <testcase classname="testpackageUI.LoginPageTest" name="failloginbuttontest" time="1.490"/>
  <system-out/>
  <testcase classname="testpackageUI.LoginPageTest" name="failloginbuttontest" time="1.809"/>
  <system-out/>
  <testcase classname="testpackageUI.LoginPageTest" name="failloginbuttontest" time="1.499"/>
  <system-out/>
  <testcase classname="testpackageUI.LoginPageTest" name="failloginbuttontest" time="1.559"/>
  <system-out/>
  <testcase classname="testpackageUI.LoginPageTest" name="failloginbuttontest" time="1.496"/>
  <system-out/>
  <testcase classname="testpackageUI.LoginPageTest" name="failloginbuttontest" time="1.545"/>
  <system-out/>
  <testcase classname="testpackageUI.LoginPageTest" name="failloginbuttontest" time="1.490"/>
  <system-out/>
  <testcase classname="testpackageUI.LoginPageTest" name="failloginbuttontest" time="2.421"/>
  <system-out/>
  <testcase classname="testpackageUI.LoginPageTest" name="failloginbuttontest" time="2.255"/>
  <system-out/>
  <testcase classname="testpackageUI.LoginPageTest" name="failloginbuttontest" time="2.275"/>
  <system-out/>
  <testcase classname="testpackageUI.LoginPageTest" name="failloginbuttontest" time="1.534"/>
  <system-out/>
  <testcase classname="testpackageUI.LoginPageTest" name="failloginbuttontest" time="1.468"/>
  <system-out/>
  <testcase classname="testpackageUI.LoginPageTest" name="failloginbuttontest" time="1.498"/>
  <system-out/>
  <testcase classname="testpackageUI.LoginPageTest" name="failloginbuttontest" time="1.503"/>
  <system-out/>
  <testcase classname="testpackageUI.LoginPageTest" name="failloginbuttontest" time="2.432"/>
  <system-out/>
  <testcase classname="testpackageUI.LoginPageTest" name="failloginbuttontest" time="1.602"/>
  <system-out/>
  <testcase classname="testpackageUI.LoginPageTest" name="failloginbuttontest" time="1.472"/>
  <system-out/>
  <testcase classname="testpackageUI.LoginPageTest" name="failloginbuttontest" time="1.517"/>
  <system-out/>
  <testcase classname="testpackageUI.LoginPageTest" name="failloginbuttontest" time="2.634"/>
  <system-out/>
  <testcase classname="testpackageUI.LoginPageTest" name="failloginbuttontest" time="1.577"/>
  <system-out/>
  <testcase classname="testpackageUI.LoginPageTest" name="failloginbuttontest" time="1.485"/>
  <system-out/>
  <testcase classname="testpackageUI.LoginPageTest" name="failloginbuttontest" time="2.417"/>
  <system-out/>
  <testcase classname="testpackageUI.LoginPageTest" name="failloginbuttontest" time="1.518"/>
  <system-out/>
  <testcase classname="testpackageUI.LoginPageTest" name="failloginbuttontest" time="3.073"/>
  <system-out/>
  <testcase classname="testpackageUI.LoginPageTest" name="failloginbuttontest" time="1.493"/>
  <system-out/>
  <testcase classname="testpackageUI.LoginPageTest" name="failloginbuttontest" time="1.510"/>
  <system-out/>
  <testcase classname="testpackageUI.LoginPageTest" name="failloginbuttontest" time="1.574"/>
  <system-out/>
  <testcase classname="testpackageUI.LoginPageTest" name="failloginbuttontest" time="2.536"/>
  <system-out/>
  <testcase classname="testpackageUI.LoginPageTest" name="failloginbuttontest" time="2.471"/>
  <system-out/>
  <testcase classname="testpackageUI.LoginPageTest" name="failloginbuttontest" time="1.537"/>
  <system-out/>
  <testcase classname="testpackageUI.LoginPageTest" name="failloginbuttontest" time="1.479"/>
  <system-out/>
  <testcase classname="testpackageUI.LoginPageTest" name="failloginbuttontest" time="1.515"/>
  <system-out/>
  <testcase classname="testpackageUI.LoginPageTest" name="failloginbuttontest" time="1.619"/>
  <system-out/>
  <testcase classname="testpackageUI.LoginPageTest" name="failloginbuttontest" time="1.528"/>
  <system-out/>
  <testcase classname="testpackageUI.LoginPageTest" name="failloginbuttontest" time="1.580"/>
  <system-out/>
  <testcase classname="testpackageUI.LoginPageTest" name="failloginbuttontest" time="1.712"/>
  <system-out/>
  <testcase classname="testpackageUI.LoginPageTest" name="failloginbuttontest" time="1.617"/>
  <system-out/>
  <testcase classname="testpackageUI.LoginPageTest" name="failloginbuttontest" time="1.558"/>
  <system-out/>
  <testcase classname="testpackageUI.LoginPageTest" name="failloginbuttontest" time="2.349"/>
  <system-out/>
  <testcase classname="testpackageUI.LoginPageTest" name="failloginbuttontest" time="2.600"/>
  <system-out/>
  <testcase classname="testpackageUI.LoginPageTest" name="failloginbuttontest" time="1.489"/>
  <system-out/>
  <testcase classname="testpackageUI.LoginPageTest" name="failloginbuttontest" time="1.483"/>
  <system-out/>
  <testcase classname="testpackageUI.LoginPageTest" name="failloginbuttontest" time="1.650"/>
  <system-out/>
  <testcase classname="testpackageUI.LoginPageTest" name="failloginbuttontest" time="1.565"/>
  <system-out/>
  <testcase classname="testpackageUI.LoginPageTest" name="failloginbuttontest" time="1.578"/>
  <system-out/>
  <testcase classname="testpackageUI.LoginPageTest" name="failloginbuttontest" time="1.565"/>
  <system-out/>
  <testcase classname="testpackageUI.LoginPageTest" name="failloginbuttontest" time="1.512"/>
  <system-out/>
  <testcase classname="testpackageUI.LoginPageTest" name="failloginbuttontest" time="1.509"/>
  <system-out/>
  <testcase classname="testpackageUI.LoginPageTest" name="failloginbuttontest" time="1.945"/>
  <system-out/>
  <testcase classname="testpackageUI.LoginPageTest" name="failloginbuttontest" time="1.504"/>
  <system-out/>
  <testcase classname="testpackageUI.LoginPageTest" name="failloginbuttontest" time="1.533"/>
  <system-out/>
  <testcase classname="testpackageUI.LoginPageTest" name="failloginbuttontest" time="2.143"/>
  <system-out/>
  <testcase classname="testpackageUI.LoginPageTest" name="failloginbuttontest" time="1.597"/>
  <system-out/>
  <testcase classname="testpackageUI.LoginPageTest" name="failloginbuttontest" time="1.579"/>
  <system-out/>
  <testcase classname="testpackageUI.LoginPageTest" name="failloginbuttontest" time="1.588"/>
  <system-out/>
  <testcase classname="testpackageUI.LoginPageTest" name="failloginbuttontest" time="1.538"/>
  <system-out/>
  <testcase classname="testpackageUI.LoginPageTest" name="failloginbuttontest" time="1.526"/>
  <system-out/>
  <testcase classname="testpackageUI.LoginPageTest" name="failloginbuttontest" time="1.549"/>
  <system-out/>
  <testcase classname="testpackageUI.LoginPageTest" name="failloginbuttontest" time="1.580"/>
  <system-out/>
  <testcase classname="testpackageUI.LoginPageTest" name="failloginbuttontest" time="1.493"/>
  <system-out/>
  <testcase classname="testpackageUI.LoginPageTest" name="failloginbuttontest" time="1.510"/>
  <system-out/>
  <testcase classname="testpackageUI.LoginPageTest" name="failloginbuttontest" time="1.511"/>
  <system-out/>
  <testcase classname="testpackageUI.LoginPageTest" name="failloginbuttontest" time="1.620"/>
  <system-out/>
  <testcase classname="testpackageUI.LoginPageTest" name="failloginbuttontest" time="1.502"/>
  <system-out/>
  <testcase classname="testpackageUI.LoginPageTest" name="failloginbuttontest" time="1.528"/>
  <system-out/>
  <testcase classname="testpackageUI.LoginPageTest" name="failloginbuttontest" time="2.351"/>
  <system-out/>
  <testcase classname="testpackageUI.LoginPageTest" name="failloginbuttontest" time="1.487"/>
  <system-out/>
  <testcase classname="testpackageUI.LoginPageTest" name="failloginbuttontest" time="1.466"/>
  <system-out/>
  <testcase classname="testpackageUI.LoginPageTest" name="failloginbuttontest" time="1.497"/>
  <system-out/>
  <testcase classname="testpackageUI.LoginPageTest" name="failloginbuttontest" time="1.568"/>
  <system-out/>
  <testcase classname="testpackageUI.LoginPageTest" name="failloginbuttontest" time="2.037"/>
  <system-out/>
  <testcase classname="testpackageUI.LoginPageTest" name="failloginbuttontest" time="2.195"/>
  <system-out/>
  <testcase classname="testpackageUI.LoginPageTest" name="failloginbuttontest" time="1.560"/>
  <system-out/>
  <testcase classname="testpackageUI.LoginPageTest" name="failloginbuttontest" time="1.674"/>
  <system-out/>
  <testcase classname="testpackageUI.LoginPageTest" name="failloginbuttontest" time="2.237"/>
  <system-out/>
  <testcase classname="testpackageUI.LoginPageTest" name="failloginbuttontest" time="2.366"/>
  <system-out/>
  <testcase classname="testpackageUI.LoginPageTest" name="failloginbuttontest" time="2.172"/>
  <system-out/>
  <testcase classname="testpackageUI.LoginPageTest" name="failloginbuttontest" time="1.674"/>
  <system-out/>
  <testcase classname="testpackageUI.LoginPageTest" name="failloginbuttontest" time="2.393"/>
  <system-out/>
  <testcase classname="testpackageUI.LoginPageTest" name="failloginbuttontest" time="1.533"/>
  <system-out/>
  <testcase classname="testpackageUI.LoginPageTest" name="failloginbuttontest" time="1.668"/>
  <system-out/>
  <testcase classname="testpackageUI.LoginPageTest" name="failloginbuttontest" time="2.080"/>
  <system-out/>
  <testcase classname="testpackageUI.LoginPageTest" name="failloginbuttontest" time="1.686"/>
  <system-out/>
  <testcase classname="testpackageUI.LoginPageTest" name="failloginbuttontest" time="1.531"/>
  <system-out/>
  <testcase classname="testpackageUI.LoginPageTest" name="failloginbuttontest" time="1.486"/>
  <system-out/>
  <testcase classname="testpackageUI.LoginPageTest" name="failloginbuttontest" time="1.605"/>
  <system-out/>
  <testcase classname="testpackageUI.LoginPageTest" name="failloginbuttontest" time="1.490"/>
  <system-out/>
  <testcase classname="testpackageUI.LoginPageTest" name="failloginbuttontest" time="4.532"/>
  <system-out/>
  <testcase classname="testpackageUI.LoginPageTest" name="failloginbuttontest" time="2.086"/>
  <system-out/>
  <testcase classname="testpackageUI.LoginPageTest" name="failloginbuttontest" time="2.455"/>
  <system-out/>
  <testcase classname="testpackageUI.LoginPageTest" name="failloginbuttontest" time="1.501"/>
  <system-out/>
  <testcase classname="testpackageUI.LoginPageTest" name="failloginbuttontest" time="1.622"/>
  <system-out/>
  <testcase classname="testpackageUI.LoginPageTest" name="failloginbuttontest" time="1.487"/>
  <system-out/>
  <testcase classname="testpackageUI.LoginPageTest" name="failloginbuttontest" time="1.881"/>
  <system-out/>
  <testcase classname="testpackageUI.LoginPageTest" name="failloginbuttontest" time="1.614"/>
  <system-out/>
  <testcase classname="testpackageUI.LoginPageTest" name="failloginbuttontest" time="2.537"/>
  <system-out/>
  <testcase classname="testpackageUI.LoginPageTest" name="failloginbuttontest" time="1.505"/>
  <system-out/>
  <testcase classname="testpackageUI.LoginPageTest" name="failloginbuttontest" time="1.482"/>
  <system-out/>
  <testcase classname="testpackageUI.LoginPageTest" name="failloginbuttontest" time="2.276"/>
  <system-out/>
  <testcase classname="testpackageUI.LoginPageTest" name="failloginbuttontest" time="1.491"/>
  <system-out/>
  <testcase classname="testpackageUI.LoginPageTest" name="failloginbuttontest" time="1.501"/>
  <system-out/>
  <testcase classname="testpackageUI.LoginPageTest" name="failloginbuttontest" time="1.521"/>
  <system-out/>
  <testcase classname="testpackageUI.LoginPageTest" name="failloginbuttontest" time="1.500"/>
  <system-out/>
  <testcase classname="testpackageUI.LoginPageTest" name="failloginbuttontest" time="1.510"/>
  <system-out/>
  <testcase classname="testpackageUI.LoginPageTest" name="failloginbuttontest" time="1.576"/>
  <system-out/>
  <testcase classname="testpackageUI.LoginPageTest" name="failloginbuttontest" time="1.513"/>
  <system-out/>
  <testcase classname="testpackageUI.LoginPageTest" name="failloginbuttontest" time="1.531"/>
  <system-out/>
  <testcase classname="testpackageUI.LoginPageTest" name="failloginbuttontest" time="2.395"/>
  <system-out/>
  <testcase classname="testpackageUI.LoginPageTest" name="failloginbuttontest" time="1.527"/>
  <system-out/>
  <testcase classname="testpackageUI.LoginPageTest" name="failloginbuttontest" time="1.566"/>
  <system-out/>
  <testcase classname="testpackageUI.LoginPageTest" name="failloginbuttontest" time="2.245"/>
  <system-out/>
  <testcase classname="testpackageUI.LoginPageTest" name="failloginbuttontest" time="1.649"/>
  <system-out/>
  <testcase classname="testpackageUI.LoginPageTest" name="failloginbuttontest" time="1.548"/>
  <system-out/>
  <testcase classname="testpackageUI.LoginPageTest" name="failloginbuttontest" time="2.475"/>
  <system-out/>
  <testcase classname="testpackageUI.LoginPageTest" name="failloginbuttontest" time="1.639"/>
  <system-out/>
  <testcase classname="testpackageUI.LoginPageTest" name="failloginbuttontest" time="2.438"/>
  <system-out/>
  <testcase classname="testpackageUI.LoginPageTest" name="failloginbuttontest" time="2.444"/>
  <system-out/>
  <testcase classname="testpackageUI.LoginPageTest" name="failloginbuttontest" time="1.618"/>
  <system-out/>
  <testcase classname="testpackageUI.LoginPageTest" name="failloginbuttontest" time="1.506"/>
  <system-out/>
  <testcase classname="testpackageUI.LoginPageTest" name="failloginbuttontest" time="1.575"/>
  <system-out/>
  <testcase classname="testpackageUI.LoginPageTest" name="failloginbuttontest" time="1.632"/>
  <system-out/>
  <testcase classname="testpackageUI.LoginPageTest" name="failloginbuttontest" time="2.326"/>
  <system-out/>
  <testcase classname="testpackageUI.LoginPageTest" name="failloginbuttontest" time="1.515"/>
  <system-out/>
  <testcase classname="testpackageUI.LoginPageTest" name="failloginbuttontest" time="1.487"/>
  <system-out/>
  <testcase classname="testpackageUI.LoginPageTest" name="failloginbuttontest" time="2.153"/>
  <system-out/>
  <testcase classname="testpackageUI.LoginPageTest" name="failloginbuttontest" time="1.538"/>
  <system-out/>
  <testcase classname="testpackageUI.LoginPageTest" name="failloginbuttontest" time="1.494"/>
  <system-out/>
  <testcase classname="testpackageUI.LoginPageTest" name="failloginbuttontest" time="2.348"/>
  <system-out/>
  <testcase classname="testpackageUI.LoginPageTest" name="failloginbuttontest" time="2.277"/>
  <system-out/>
  <testcase classname="testpackageUI.LoginPageTest" name="failloginbuttontest" time="1.556"/>
  <system-out/>
  <testcase classname="testpackageUI.LoginPageTest" name="failloginbuttontest" time="2.373"/>
  <system-out/>
  <testcase classname="testpackageUI.LoginPageTest" name="failloginbuttontest" time="2.455"/>
  <system-out/>
  <testcase classname="testpackageUI.LoginPageTest" name="failloginbuttontest" time="1.527"/>
  <system-out/>
  <testcase classname="testpackageUI.LoginPageTest" name="failloginbuttontest" time="1.621"/>
  <system-out/>
  <testcase classname="testpackageUI.LoginPageTest" name="failloginbuttontest" time="2.428"/>
  <system-out/>
  <testcase classname="testpackageUI.LoginPageTest" name="failloginbuttontest" time="1.536"/>
  <system-out/>
  <testcase classname="testpackageUI.LoginPageTest" name="failloginbuttontest" time="1.611"/>
  <system-out/>
  <testcase classname="testpackageUI.LoginPageTest" name="failloginbuttontest" time="1.570"/>
  <system-out/>
  <testcase classname="testpackageUI.LoginPageTest" name="failloginbuttontest" time="2.133"/>
  <system-out/>
  <testcase classname="testpackageUI.LoginPageTest" name="failloginbuttontest" time="1.929"/>
  <system-out/>
  <testcase classname="testpackageUI.LoginPageTest" name="failloginbuttontest" time="1.655"/>
  <system-out/>
  <testcase classname="testpackageUI.LoginPageTest" name="failloginbuttontest" time="1.633"/>
  <system-out/>
  <testcase classname="testpackageUI.LoginPageTest" name="failloginbuttontest" time="1.516"/>
  <system-out/>
  <testcase classname="testpackageUI.LoginPageTest" name="failloginbuttontest" time="2.333"/>
  <system-out/>
  <testcase classname="testpackageUI.LoginPageTest" name="failloginbuttontest" time="1.478"/>
  <system-out/>
  <testcase classname="testpackageUI.LoginPageTest" name="failloginbuttontest" time="2.633"/>
  <system-out/>
  <testcase classname="testpackageUI.LoginPageTest" name="failloginbuttontest" time="2.612"/>
  <system-out/>
  <testcase classname="testpackageUI.LoginPageTest" name="failloginbuttontest" time="2.194"/>
  <system-out/>
  <testcase classname="testpackageUI.LoginPageTest" name="failloginbuttontest" time="1.480"/>
  <system-out/>
  <testcase classname="testpackageUI.LoginPageTest" name="failloginbuttontest" time="1.484"/>
  <system-out/>
  <testcase classname="testpackageUI.LoginPageTest" name="failloginbuttontest" time="1.583"/>
  <system-out/>
  <testcase classname="testpackageUI.LoginPageTest" name="failloginbuttontest" time="1.550"/>
  <system-out/>
  <testcase classname="testpackageUI.LoginPageTest" name="failloginbuttontest" time="2.518"/>
  <system-out/>
  <testcase classname="testpackageUI.LoginPageTest" name="failloginbuttontest" time="1.562"/>
  <system-out/>
  <testcase classname="testpackageUI.LoginPageTest" name="failloginbuttontest" time="1.496"/>
  <system-out/>
  <testcase classname="testpackageUI.LoginPageTest" name="failloginbuttontest" time="1.524"/>
  <system-out/>
  <testcase classname="testpackageUI.LoginPageTest" name="failloginbuttontest" time="1.504"/>
  <system-out/>
  <testcase classname="testpackageUI.LoginPageTest" name="failloginbuttontest" time="1.489"/>
  <system-out/>
  <testcase classname="testpackageUI.LoginPageTest" name="failloginbuttontest" time="1.519"/>
  <system-out/>
  <testcase classname="testpackageUI.LoginPageTest" name="failloginbuttontest" time="1.491"/>
  <system-out/>
  <testcase classname="testpackageUI.LoginPageTest" name="failloginbuttontest" time="1.673"/>
  <system-out/>
  <testcase classname="testpackageUI.LoginPageTest" name="failloginbuttontest" time="1.543"/>
  <system-out/>
  <testcase classname="testpackageUI.LoginPageTest" name="failloginbuttontest" time="1.538"/>
  <system-out/>
  <testcase classname="testpackageUI.LoginPageTest" name="failloginbuttontest" time="1.499"/>
  <system-out/>
  <testcase classname="testpackageUI.LoginPageTest" name="failloginbuttontest" time="1.510"/>
  <system-out/>
  <testcase classname="testpackageUI.LoginPageTest" name="failloginbuttontest" time="2.473"/>
  <system-out/>
  <testcase classname="testpackageUI.LoginPageTest" name="failloginbuttontest" time="2.307"/>
  <system-out/>
  <testcase classname="testpackageUI.LoginPageTest" name="failloginbuttontest" time="1.826"/>
  <system-out/>
  <testcase classname="testpackageUI.LoginPageTest" name="failloginbuttontest" time="1.696"/>
  <system-out/>
  <testcase classname="testpackageUI.LoginPageTest" name="failloginbuttontest" time="1.531"/>
  <system-out/>
  <testcase classname="testpackageUI.LoginPageTest" name="failloginbuttontest" time="2.418"/>
  <system-out/>
  <testcase classname="testpackageUI.LoginPageTest" name="failloginbuttontest" time="1.472"/>
  <system-out/>
  <testcase classname="testpackageUI.LoginPageTest" name="failloginbuttontest" time="1.506"/>
  <system-out/>
  <testcase classname="testpackageUI.LoginPageTest" name="failloginbuttontest" time="1.509"/>
  <system-out/>
  <testcase classname="testpackageUI.LoginPageTest" name="failloginbuttontest" time="1.493"/>
  <system-out/>
  <testcase classname="testpackageUI.LoginPageTest" name="failloginbuttontest" time="1.486"/>
  <system-out/>
  <testcase classname="testpackageUI.LoginPageTest" name="failloginbuttontest" time="2.443"/>
  <system-out/>
  <testcase classname="testpackageUI.LoginPageTest" name="failloginbuttontest" time="1.505"/>
  <system-out/>
  <testcase classname="testpackageUI.LoginPageTest" name="failloginbuttontest" time="1.502"/>
  <system-out/>
  <testcase classname="testpackageUI.LoginPageTest" name="failloginbuttontest" time="1.492"/>
  <system-out/>
  <testcase classname="testpackageUI.LoginPageTest" name="failloginbuttontest" time="1.539"/>
  <system-out/>
  <testcase classname="testpackageUI.LoginPageTest" name="failloginbuttontest" time="1.567"/>
  <system-out/>
  <testcase classname="testpackageUI.LoginPageTest" name="failloginbuttontest" time="1.595"/>
  <system-out/>
  <testcase classname="testpackageUI.LoginPageTest" name="failloginbuttontest" time="1.546"/>
  <system-out/>
  <testcase classname="testpackageUI.LoginPageTest" name="failloginbuttontest" time="1.489"/>
  <system-out/>
  <testcase classname="testpackageUI.LoginPageTest" name="failloginbuttontest" time="1.996"/>
  <system-out/>
</testsuite> <!-- testpackageUI.LoginPageTest -->
