<?xml version="1.0" encoding="UTF-8"?>
<!-- Generated by org.testng.reporters.JUnitReportReporter -->
<testsuite hostname="LAPTOP-MVNUQ4K1" failures="0" tests="2" name="testpackage.CheckBoxTest" time="2.393" errors="0" timestamp="2022-12-26T16:02:15 GMT-05:00" skipped="0">
  <testcase classname="testpackage.CheckBoxTest" name="CheckedCheckBoxtest" time="1.171"/>
  <system-out/>
  <testcase classname="testpackage.CheckBoxTest" name="UncheckedCheckBoxtest" time="1.222"/>
  <system-out/>
</testsuite> <!-- testpackage.CheckBoxTest -->
