<?xml version="1.0" encoding="UTF-8"?>
<!-- Generated by org.testng.reporters.JUnitReportReporter -->
<testsuite hostname="LAPTOP-MVNUQ4K1" failures="0" tests="5" name="testpackage.Dynamiccontroltest" time="17.323" errors="0" timestamp="2022-12-21T20:13:30 GMT-05:00" skipped="0">
  <testcase classname="testpackage.Dynamiccontroltest" name="Removebuttontest" time="1.600"/>
  <system-out/>
  <testcase classname="testpackage.Dynamiccontroltest" name="Enablebuttontest" time="4.945"/>
  <system-out/>
  <testcase classname="testpackage.Dynamiccontroltest" name="ACheckboxtest" time="4.971"/>
  <system-out/>
  <testcase classname="testpackage.Dynamiccontroltest" name="emptyelementdisabletest" time="1.318"/>
  <system-out/>
  <testcase classname="testpackage.Dynamiccontroltest" name="emptyelementtest" time="4.489"/>
  <system-out/>
</testsuite> <!-- testpackage.Dynamiccontroltest -->
