<?xml version="1.0" encoding="UTF-8"?>
<!-- Generated by org.testng.reporters.JUnitReportReporter -->
<testsuite hostname="LAPTOP-MVNUQ4K1" failures="0" tests="2" name="testpackage.Dropdowntest" time="8.057" errors="0" timestamp="2022-12-03T03:39:03 GMT-05:00" skipped="0">
  <testcase classname="testpackage.Dropdowntest" name="option1test" time="4.065"/>
  <system-out/>
  <testcase classname="testpackage.Dropdowntest" name="option2test" time="3.992"/>
  <system-out/>
</testsuite> <!-- testpackage.Dropdowntest -->
