<?xml version="1.0" encoding="UTF-8"?>
<!-- Generated by org.testng.reporters.JUnitReportReporter -->
<testsuite hostname="LAPTOP-MVNUQ4K1" failures="0" tests="1" name="testpackage.Uploadtest" time="8.172" errors="0" timestamp="2022-12-02T17:35:38 GMT-05:00" skipped="0">
  <testcase classname="testpackage.Uploadtest" name="testupload" time="8.172"/>
  <system-out/>
</testsuite> <!-- testpackage.Uploadtest -->
