<?xml version="1.0" encoding="UTF-8"?>
<!-- Generated by org.testng.reporters.JUnitReportReporter -->
<testsuite hostname="LAPTOP-MVNUQ4K1" failures="0" tests="2" name="testpackage.DragandDropTest" time="82.917" errors="0" timestamp="2023-01-14T17:34:53 GMT-05:00" skipped="0">
  <testcase classname="testpackage.DragandDropTest" name="DragtestforB" time="3.265"/>
  <system-out/>
  <testcase classname="testpackage.DragandDropTest" name="DragtestforA" time="79.652"/>
  <system-out/>
</testsuite> <!-- testpackage.DragandDropTest -->
