<?xml version="1.0" encoding="UTF-8"?>
<!-- Generated by org.testng.reporters.JUnitReportReporter -->
<testsuite hostname="LAPTOP-MVNUQ4K1" failures="0" tests="1" name="testpackage.DynamicLoadingTest" time="6.718" errors="0" timestamp="2022-12-26T16:02:15 GMT-05:00" skipped="0">
  <testcase classname="testpackage.DynamicLoadingTest" name="startbuttontest" time="6.718"/>
  <system-out/>
</testsuite> <!-- testpackage.DynamicLoadingTest -->
