<?xml version="1.0" encoding="UTF-8"?>
<!-- Generated by org.testng.reporters.JUnitReportReporter -->
<testsuite hostname="LAPTOP-MVNUQ4K1" failures="0" tests="2" name="testpackage.LoginPageTest" time="9.037" errors="0" timestamp="2022-12-03T03:39:03 GMT-05:00" skipped="0">
  <testcase classname="testpackage.LoginPageTest" name="loginbuttontest" time="4.411"/>
  <system-out/>
  <testcase classname="testpackage.LoginPageTest" name="failloginbuttontest" time="4.626"/>
  <system-out/>
</testsuite> <!-- testpackage.LoginPageTest -->
