<?xml version="1.0" encoding="UTF-8"?>
<!-- Generated by org.testng.reporters.JUnitReportReporter -->
<testsuite hostname="LAPTOP-MVNUQ4K1" failures="0" tests="1" name="testpackage.Downloadtest" time="2.420" errors="0" timestamp="2023-01-14T17:34:53 GMT-05:00" skipped="0">
  <testcase classname="testpackage.Downloadtest" name="testdownload" time="2.420"/>
  <system-out/>
</testsuite> <!-- testpackage.Downloadtest -->
