<?xml version="1.0" encoding="UTF-8"?>
<!-- Generated by org.testng.reporters.JUnitReportReporter -->
<testsuite hostname="LAPTOP-MVNUQ4K1" failures="0" tests="3" name="testpackage.JSAlertTest" time="11.701" errors="0" timestamp="2022-12-03T03:39:03 GMT-05:00" skipped="0">
  <testcase classname="testpackage.JSAlertTest" name="jsalerttest" time="3.987"/>
  <system-out/>
  <testcase classname="testpackage.JSAlertTest" name="jsconfirmtest" time="3.844"/>
  <system-out/>
  <testcase classname="testpackage.JSAlertTest" name="jsprompttest" time="3.870"/>
  <system-out/>
</testsuite> <!-- testpackage.JSAlertTest -->
