<?xml version="1.0" encoding="UTF-8"?>
<!-- Generated by org.testng.reporters.JUnitReportReporter -->
<testsuite hostname="LAPTOP-MVNUQ4K1" failures="0" tests="5" name="testpackage.Dynamiccontroltest" time="32.690" errors="0" timestamp="2022-12-02T17:20:27 GMT-05:00" skipped="0">
  <testcase classname="testpackage.Dynamiccontroltest" name="ACheckboxtest" time="8.212"/>
  <system-out/>
  <testcase classname="testpackage.Dynamiccontroltest" name="Enablebuttontest" time="7.726"/>
  <system-out/>
  <testcase classname="testpackage.Dynamiccontroltest" name="emptyelementtest" time="7.543"/>
  <system-out/>
  <testcase classname="testpackage.Dynamiccontroltest" name="emptyelementdisabletest" time="4.639"/>
  <system-out/>
  <testcase classname="testpackage.Dynamiccontroltest" name="Removebuttontest" time="4.570"/>
  <system-out/>
</testsuite> <!-- testpackage.Dynamiccontroltest -->
