<?xml version="1.0" encoding="UTF-8"?>
<!-- Generated by org.testng.reporters.JUnitReportReporter -->
<testsuite hostname="LAPTOP-MVNUQ4K1" failures="0" tests="3" name="testpackage.DynamiccontentTest" time="13.908" errors="0" timestamp="2022-12-03T03:39:03 GMT-05:00" skipped="0">
  <testcase classname="testpackage.DynamiccontentTest" name="Dynamiccontent2test" time="4.870"/>
  <system-out/>
  <testcase classname="testpackage.DynamiccontentTest" name="Dynamiccontent3test" time="4.256"/>
  <system-out/>
  <testcase classname="testpackage.DynamiccontentTest" name="Dynamiccontent1test" time="4.782"/>
  <system-out/>
</testsuite> <!-- testpackage.DynamiccontentTest -->
