<?xml version="1.0" encoding="UTF-8"?>
<!-- Generated by org.testng.reporters.JUnitReportReporter -->
<testsuite hostname="LAPTOP-MVNUQ4K1" failures="0" tests="5" name="testpackage.Dynamiccontroltest" time="32.298" errors="0" timestamp="2022-11-29T20:32:24 GMT-05:00" skipped="0">
  <testcase classname="testpackage.Dynamiccontroltest" name="emptyelementdisabletest" time="4.191"/>
  <system-out/>
  <testcase classname="testpackage.Dynamiccontroltest" name="ACheckboxtest" time="7.843"/>
  <system-out/>
  <testcase classname="testpackage.Dynamiccontroltest" name="Enablebuttontest" time="7.885"/>
  <system-out/>
  <testcase classname="testpackage.Dynamiccontroltest" name="emptyelementtest" time="7.443"/>
  <system-out/>
  <testcase classname="testpackage.Dynamiccontroltest" name="Removebuttontest" time="4.936"/>
  <system-out/>
</testsuite> <!-- testpackage.Dynamiccontroltest -->
