<?xml version="1.0" encoding="UTF-8"?>
<!-- Generated by org.testng.reporters.JUnitReportReporter -->
<testsuite hostname="LAPTOP-MVNUQ4K1" failures="0" tests="2" name="testpackage.LoginPageTest" time="5.186" errors="0" timestamp="2022-12-15T21:00:45 GMT-05:00" skipped="0">
  <testcase classname="testpackage.LoginPageTest" name="loginbuttontest" time="3.501"/>
  <system-out/>
  <testcase classname="testpackage.LoginPageTest" name="failloginbuttontest" time="1.685"/>
  <system-out/>
</testsuite> <!-- testpackage.LoginPageTest -->
