<?xml version="1.0" encoding="UTF-8"?>
<!-- Generated by org.testng.reporters.JUnitReportReporter -->
<testsuite hostname="LAPTOP-MVNUQ4K1" failures="0" tests="1" name="testpackage.NewTabTest" time="4.375" errors="0" timestamp="2022-11-29T20:32:24 GMT-05:00" skipped="0">
  <testcase classname="testpackage.NewTabTest" name="tabtest" time="4.375"/>
  <system-out/>
</testsuite> <!-- testpackage.NewTabTest -->
