<?xml version="1.0" encoding="UTF-8"?>
<!-- Generated by org.testng.reporters.JUnitReportReporter -->
<testsuite hostname="LAPTOP-MVNUQ4K1" failures="0" tests="2" name="testpackage.LoginPageTest" time="5.229" errors="0" timestamp="2022-12-21T19:03:54 GMT-05:00" skipped="0">
  <testcase classname="testpackage.LoginPageTest" name="loginbuttontest" time="2.789"/>
  <system-out/>
  <testcase classname="testpackage.LoginPageTest" name="failloginbuttontest" time="2.440"/>
  <system-out/>
</testsuite> <!-- testpackage.LoginPageTest -->
