<?xml version="1.0" encoding="UTF-8"?>
<!-- Generated by org.testng.reporters.JUnitReportReporter -->
<testsuite hostname="LAPTOP-MVNUQ4K1" failures="0" tests="3" name="testpackage.DynamiccontentTest" time="5.092" errors="0" timestamp="2022-12-15T21:00:45 GMT-05:00" skipped="0">
  <testcase classname="testpackage.DynamiccontentTest" name="Dynamiccontent2test" time="1.675"/>
  <system-out/>
  <testcase classname="testpackage.DynamiccontentTest" name="Dynamiccontent3test" time="1.629"/>
  <system-out/>
  <testcase classname="testpackage.DynamiccontentTest" name="Dynamiccontent1test" time="1.788"/>
  <system-out/>
</testsuite> <!-- testpackage.DynamiccontentTest -->
