<?xml version="1.0" encoding="UTF-8"?>
<!-- Generated by org.testng.reporters.JUnitReportReporter -->
<testsuite hostname="LAPTOP-MVNUQ4K1" failures="0" tests="2" name="testpackage.Dropdowntest" time="9.305" errors="0" timestamp="2022-11-29T20:32:24 GMT-05:00" skipped="0">
  <testcase classname="testpackage.Dropdowntest" name="option2test" time="4.892"/>
  <system-out/>
  <testcase classname="testpackage.Dropdowntest" name="option1test" time="4.413"/>
  <system-out/>
</testsuite> <!-- testpackage.Dropdowntest -->
