<?xml version="1.0" encoding="UTF-8"?>
<!-- Generated by org.testng.reporters.JUnitReportReporter -->
<testsuite hostname="LAPTOP-MVNUQ4K1" failures="0" tests="1" name="testpackage.NewTabTest" time="19.903" errors="0" timestamp="2022-12-04T00:13:22 GMT-05:00" skipped="0">
  <testcase classname="testpackage.NewTabTest" name="tabtest" time="19.903"/>
  <system-out/>
</testsuite> <!-- testpackage.NewTabTest -->
