<?xml version="1.0" encoding="UTF-8"?>
<!-- Generated by org.testng.reporters.JUnitReportReporter -->
<testsuite hostname="LAPTOP-MVNUQ4K1" failures="0" tests="1" name="testpackage.NotificationTest" time="1.219" errors="0" timestamp="2023-08-19T18:40:15 GMT-04:00" skipped="0">
  <testcase classname="testpackage.NotificationTest" name="notificationtest" time="1.219"/>
  <system-out/>
</testsuite> <!-- testpackage.NotificationTest -->
