<?xml version="1.0" encoding="UTF-8"?>
<!-- Generated by org.testng.reporters.JUnitReportReporter -->
<testsuite hostname="LAPTOP-MVNUQ4K1" failures="0" tests="2" name="testpackage.LoginPageTest" time="12.783" errors="0" timestamp="2022-12-02T19:02:47 EST" skipped="0">
  <testcase classname="testpackage.LoginPageTest" name="failloginbuttontest" time="6.306"/>
  <system-out/>
  <testcase classname="testpackage.LoginPageTest" name="loginbuttontest" time="6.477"/>
  <system-out/>
</testsuite> <!-- testpackage.LoginPageTest -->
