<?xml version="1.0" encoding="UTF-8"?>
<!-- Generated by org.testng.reporters.JUnitReportReporter -->
<testsuite hostname="LAPTOP-MVNUQ4K1" failures="0" tests="2" name="testpackage.CheckBoxTest" time="10.086" errors="0" timestamp="2022-12-03T17:03:56 GMT-05:00" skipped="0">
  <testcase classname="testpackage.CheckBoxTest" name="CheckedCheckBoxtest" time="6.308"/>
  <system-out/>
  <testcase classname="testpackage.CheckBoxTest" name="UncheckedCheckBoxtest" time="3.778"/>
  <system-out/>
</testsuite> <!-- testpackage.CheckBoxTest -->
