<?xml version="1.0" encoding="UTF-8"?>
<!-- Generated by org.testng.reporters.JUnitReportReporter -->
<testsuite hostname="LAPTOP-MVNUQ4K1" failures="0" tests="2" name="testpackage.DragandDropTest" time="0.000" errors="0" timestamp="2022-12-08T22:01:14 GMT-05:00" skipped="2">
  <testcase classname="testpackage.DragandDropTest" name="DragtestforA" time="0.000">
    <skipped/>
  </testcase> <!-- DragtestforA -->
  <system-out/>
  <testcase classname="testpackage.DragandDropTest" name="DragtestforB" time="0.000">
    <skipped/>
  </testcase> <!-- DragtestforB -->
  <system-out/>
</testsuite> <!-- testpackage.DragandDropTest -->
