<?xml version="1.0" encoding="UTF-8"?>
<!-- Generated by org.testng.reporters.JUnitReportReporter -->
<testsuite hostname="LAPTOP-MVNUQ4K1" failures="0" tests="20" name="testpackage.IndexTest" time="0.001" errors="0" timestamp="2023-03-25T18:17:30 GMT-04:00" skipped="20">
  <testcase classname="testpackage.IndexTest" name="marketingTextTest" time="0.000">
    <skipped/>
  </testcase> <!-- marketingTextTest -->
  <system-out/>
  <testcase classname="testpackage.IndexTest" name="indexByKeywordTest" time="0.000">
    <skipped/>
  </testcase> <!-- indexByKeywordTest -->
  <system-out/>
  <testcase classname="testpackage.IndexTest" name="privateMarketTabTest" time="0.000">
    <skipped/>
  </testcase> <!-- privateMarketTabTest -->
  <system-out/>
  <testcase classname="testpackage.IndexTest" name="alternativesTabTest" time="0.000">
    <skipped/>
  </testcase> <!-- alternativesTabTest -->
  <system-out/>
  <testcase classname="testpackage.IndexTest" name="assetTypeTest" time="0.000">
    <skipped/>
  </testcase> <!-- assetTypeTest -->
  <system-out/>
  <testcase classname="testpackage.IndexTest" name="dayColumntest" time="0.001">
    <skipped/>
  </testcase> <!-- dayColumntest -->
  <system-out/>
  <testcase classname="testpackage.IndexTest" name="fixedIncomeTabTest" time="0.000">
    <skipped/>
  </testcase> <!-- fixedIncomeTabTest -->
  <system-out/>
  <testcase classname="testpackage.IndexTest" name="result_10test" time="0.000">
    <skipped/>
  </testcase> <!-- result_10test -->
  <system-out/>
  <testcase classname="testpackage.IndexTest" name="indexByNameTest" time="0.000">
    <skipped/>
  </testcase> <!-- indexByNameTest -->
  <system-out/>
  <testcase classname="testpackage.IndexTest" name="result_50test" time="0.000">
    <skipped/>
  </testcase> <!-- result_50test -->
  <system-out/>
  <testcase classname="testpackage.IndexTest" name="indexType" time="0.000">
    <skipped/>
  </testcase> <!-- indexType -->
  <system-out/>
  <testcase classname="testpackage.IndexTest" name="multiAssetTabTest" time="0.000">
    <skipped/>
  </testcase> <!-- multiAssetTabTest -->
  <system-out/>
  <testcase classname="testpackage.IndexTest" name="result_20test" time="0.000">
    <skipped/>
  </testcase> <!-- result_20test -->
  <system-out/>
  <testcase classname="testpackage.IndexTest" name="esgTabTest" time="0.000">
    <skipped/>
  </testcase> <!-- esgTabTest -->
  <system-out/>
  <testcase classname="testpackage.IndexTest" name="allIndexTabTest" time="0.000">
    <skipped/>
  </testcase> <!-- allIndexTabTest -->
  <system-out/>
  <testcase classname="testpackage.IndexTest" name="equityTabTest" time="0.000">
    <skipped/>
  </testcase> <!-- equityTabTest -->
  <system-out/>
  <testcase classname="testpackage.IndexTest" name="tabListTest" time="0.000">
    <skipped/>
  </testcase> <!-- tabListTest -->
  <system-out/>
  <testcase classname="testpackage.IndexTest" name="geoRegionTest" time="0.000">
    <skipped/>
  </testcase> <!-- geoRegionTest -->
  <system-out/>
  <testcase classname="testpackage.IndexTest" name="indexFamilyTest" time="0.000">
    <skipped/>
  </testcase> <!-- indexFamilyTest -->
  <system-out/>
  <testcase classname="testpackage.IndexTest" name="weekColumntest" time="0.000">
    <skipped/>
  </testcase> <!-- weekColumntest -->
  <system-out/>
</testsuite> <!-- testpackage.IndexTest -->
