<?xml version="1.0" encoding="UTF-8"?>
<!-- Generated by org.testng.reporters.JUnitReportReporter -->
<testsuite hostname="LAPTOP-MVNUQ4K1" failures="0" tests="1" name="testpackage.MousHoverTest" time="6.098" errors="0" timestamp="2022-12-02T19:02:47 EST" skipped="0">
  <testcase classname="testpackage.MousHoverTest" name="img1test" time="6.098"/>
  <system-out/>
</testsuite> <!-- testpackage.MousHoverTest -->
