<?xml version="1.0" encoding="UTF-8"?>
<!-- Generated by org.testng.reporters.JUnitReportReporter -->
<testsuite hostname="LAPTOP-MVNUQ4K1" failures="0" tests="50" name="testpackage.LoginPageTest" time="60.854" errors="0" timestamp="2023-08-19T18:40:15 GMT-04:00" skipped="0">
  <testcase classname="testpackage.LoginPageTest" name="loginbuttontest" time="1.251"/>
  <system-out/>
  <testcase classname="testpackage.LoginPageTest" name="failloginbuttontest" time="1.211"/>
  <system-out/>
  <testcase classname="testpackage.LoginPageTest" name="failloginbuttontest" time="1.191"/>
  <system-out/>
  <testcase classname="testpackage.LoginPageTest" name="failloginbuttontest" time="1.198"/>
  <system-out/>
  <testcase classname="testpackage.LoginPageTest" name="failloginbuttontest" time="1.271"/>
  <system-out/>
  <testcase classname="testpackage.LoginPageTest" name="failloginbuttontest" time="1.194"/>
  <system-out/>
  <testcase classname="testpackage.LoginPageTest" name="failloginbuttontest" time="1.210"/>
  <system-out/>
  <testcase classname="testpackage.LoginPageTest" name="failloginbuttontest" time="1.194"/>
  <system-out/>
  <testcase classname="testpackage.LoginPageTest" name="failloginbuttontest" time="1.212"/>
  <system-out/>
  <testcase classname="testpackage.LoginPageTest" name="failloginbuttontest" time="1.192"/>
  <system-out/>
  <testcase classname="testpackage.LoginPageTest" name="failloginbuttontest" time="1.192"/>
  <system-out/>
  <testcase classname="testpackage.LoginPageTest" name="failloginbuttontest" time="1.184"/>
  <system-out/>
  <testcase classname="testpackage.LoginPageTest" name="failloginbuttontest" time="1.205"/>
  <system-out/>
  <testcase classname="testpackage.LoginPageTest" name="failloginbuttontest" time="1.316"/>
  <system-out/>
  <testcase classname="testpackage.LoginPageTest" name="failloginbuttontest" time="1.211"/>
  <system-out/>
  <testcase classname="testpackage.LoginPageTest" name="failloginbuttontest" time="1.203"/>
  <system-out/>
  <testcase classname="testpackage.LoginPageTest" name="failloginbuttontest" time="1.271"/>
  <system-out/>
  <testcase classname="testpackage.LoginPageTest" name="failloginbuttontest" time="1.182"/>
  <system-out/>
  <testcase classname="testpackage.LoginPageTest" name="failloginbuttontest" time="1.214"/>
  <system-out/>
  <testcase classname="testpackage.LoginPageTest" name="failloginbuttontest" time="1.207"/>
  <system-out/>
  <testcase classname="testpackage.LoginPageTest" name="failloginbuttontest" time="1.212"/>
  <system-out/>
  <testcase classname="testpackage.LoginPageTest" name="failloginbuttontest" time="1.184"/>
  <system-out/>
  <testcase classname="testpackage.LoginPageTest" name="failloginbuttontest" time="1.234"/>
  <system-out/>
  <testcase classname="testpackage.LoginPageTest" name="failloginbuttontest" time="1.198"/>
  <system-out/>
  <testcase classname="testpackage.LoginPageTest" name="failloginbuttontest" time="1.203"/>
  <system-out/>
  <testcase classname="testpackage.LoginPageTest" name="failloginbuttontest" time="1.196"/>
  <system-out/>
  <testcase classname="testpackage.LoginPageTest" name="failloginbuttontest" time="1.192"/>
  <system-out/>
  <testcase classname="testpackage.LoginPageTest" name="failloginbuttontest" time="1.214"/>
  <system-out/>
  <testcase classname="testpackage.LoginPageTest" name="failloginbuttontest" time="1.210"/>
  <system-out/>
  <testcase classname="testpackage.LoginPageTest" name="failloginbuttontest" time="1.248"/>
  <system-out/>
  <testcase classname="testpackage.LoginPageTest" name="failloginbuttontest" time="1.186"/>
  <system-out/>
  <testcase classname="testpackage.LoginPageTest" name="failloginbuttontest" time="1.194"/>
  <system-out/>
  <testcase classname="testpackage.LoginPageTest" name="failloginbuttontest" time="1.214"/>
  <system-out/>
  <testcase classname="testpackage.LoginPageTest" name="failloginbuttontest" time="1.189"/>
  <system-out/>
  <testcase classname="testpackage.LoginPageTest" name="failloginbuttontest" time="1.291"/>
  <system-out/>
  <testcase classname="testpackage.LoginPageTest" name="failloginbuttontest" time="1.259"/>
  <system-out/>
  <testcase classname="testpackage.LoginPageTest" name="failloginbuttontest" time="1.216"/>
  <system-out/>
  <testcase classname="testpackage.LoginPageTest" name="failloginbuttontest" time="1.187"/>
  <system-out/>
  <testcase classname="testpackage.LoginPageTest" name="failloginbuttontest" time="1.196"/>
  <system-out/>
  <testcase classname="testpackage.LoginPageTest" name="failloginbuttontest" time="1.251"/>
  <system-out/>
  <testcase classname="testpackage.LoginPageTest" name="failloginbuttontest" time="1.202"/>
  <system-out/>
  <testcase classname="testpackage.LoginPageTest" name="failloginbuttontest" time="1.265"/>
  <system-out/>
  <testcase classname="testpackage.LoginPageTest" name="failloginbuttontest" time="1.194"/>
  <system-out/>
  <testcase classname="testpackage.LoginPageTest" name="failloginbuttontest" time="1.275"/>
  <system-out/>
  <testcase classname="testpackage.LoginPageTest" name="failloginbuttontest" time="1.189"/>
  <system-out/>
  <testcase classname="testpackage.LoginPageTest" name="failloginbuttontest" time="1.203"/>
  <system-out/>
  <testcase classname="testpackage.LoginPageTest" name="failloginbuttontest" time="1.201"/>
  <system-out/>
  <testcase classname="testpackage.LoginPageTest" name="failloginbuttontest" time="1.315"/>
  <system-out/>
  <testcase classname="testpackage.LoginPageTest" name="failloginbuttontest" time="1.214"/>
  <system-out/>
  <testcase classname="testpackage.LoginPageTest" name="failloginbuttontest" time="1.213"/>
  <system-out/>
</testsuite> <!-- testpackage.LoginPageTest -->
