<?xml version="1.0" encoding="UTF-8"?>
<!-- Generated by org.testng.reporters.JUnitReportReporter -->
<testsuite hostname="LAPTOP-MVNUQ4K1" failures="0" tests="3" name="testpackage.DynamiccontentTest" time="3.455" errors="0" timestamp="2023-08-19T18:40:15 GMT-04:00" skipped="0">
  <testcase classname="testpackage.DynamiccontentTest" name="Dynamiccontent3test" time="1.147"/>
  <system-out/>
  <testcase classname="testpackage.DynamiccontentTest" name="Dynamiccontent1test" time="1.158"/>
  <system-out/>
  <testcase classname="testpackage.DynamiccontentTest" name="Dynamiccontent2test" time="1.150"/>
  <system-out/>
</testsuite> <!-- testpackage.DynamiccontentTest -->
