<?xml version="1.0" encoding="UTF-8"?>
<!-- Generated by org.testng.reporters.JUnitReportReporter -->
<testsuite hostname="LAPTOP-MVNUQ4K1" failures="0" tests="3" name="testpackage.JSAlertTest" time="60.228" errors="0" timestamp="2022-12-04T00:13:22 GMT-05:00" skipped="0">
  <testcase classname="testpackage.JSAlertTest" name="jsconfirmtest" time="19.702"/>
  <system-out/>
  <testcase classname="testpackage.JSAlertTest" name="jsprompttest" time="19.641"/>
  <system-out/>
  <testcase classname="testpackage.JSAlertTest" name="jsalerttest" time="20.885"/>
  <system-out/>
</testsuite> <!-- testpackage.JSAlertTest -->
