<?xml version="1.0" encoding="UTF-8"?>
<!-- Generated by org.testng.reporters.JUnitReportReporter -->
<testsuite hostname="LAPTOP-MVNUQ4K1" failures="0" tests="1" name="testpackage.ContextmenuTest" time="22.794" errors="0" timestamp="2022-12-04T00:13:22 GMT-05:00" skipped="0">
  <testcase classname="testpackage.ContextmenuTest" name="alerttest" time="22.794"/>
  <system-out/>
</testsuite> <!-- testpackage.ContextmenuTest -->
