<?xml version="1.0" encoding="UTF-8"?>
<!-- Generated by org.testng.reporters.JUnitReportReporter -->
<testsuite hostname="LAPTOP-MVNUQ4K1" failures="0" tests="1" name="testpackage.MousHoverTest" time="30.335" errors="0" timestamp="2022-12-04T00:13:22 GMT-05:00" skipped="0">
  <testcase classname="testpackage.MousHoverTest" name="img1test" time="30.335"/>
  <system-out/>
</testsuite> <!-- testpackage.MousHoverTest -->
