<?xml version="1.0" encoding="UTF-8"?>
<!-- Generated by org.testng.reporters.JUnitReportReporter -->
<testsuite hostname="LAPTOP-MVNUQ4K1" failures="0" tests="1" name="testpackage.DynamicLoadingTest" time="12.219" errors="0" timestamp="2022-12-02T19:02:47 EST" skipped="0">
  <testcase classname="testpackage.DynamicLoadingTest" name="startbuttontest" time="12.219"/>
  <system-out/>
</testsuite> <!-- testpackage.DynamicLoadingTest -->
