<?xml version="1.0" encoding="UTF-8"?>
<!-- Generated by org.testng.reporters.JUnitReportReporter -->
<testsuite hostname="LAPTOP-MVNUQ4K1" failures="0" tests="2" name="testpackage.CheckBoxTest" time="0.000" errors="0" timestamp="2022-12-08T22:01:14 GMT-05:00" skipped="2">
  <testcase classname="testpackage.CheckBoxTest" name="UncheckedCheckBoxtest" time="0.000">
    <skipped/>
  </testcase> <!-- UncheckedCheckBoxtest -->
  <system-out/>
  <testcase classname="testpackage.CheckBoxTest" name="CheckedCheckBoxtest" time="0.000">
    <skipped/>
  </testcase> <!-- CheckedCheckBoxtest -->
  <system-out/>
</testsuite> <!-- testpackage.CheckBoxTest -->
