<?xml version="1.0" encoding="UTF-8"?>
<!-- Generated by org.testng.reporters.JUnitReportReporter -->
<testsuite hostname="LAPTOP-MVNUQ4K1" failures="0" tests="1" name="testpackage.NewTabTest" time="0.000" errors="0" timestamp="2023-03-25T18:17:30 GMT-04:00" skipped="1">
  <testcase classname="testpackage.NewTabTest" name="tabtest" time="0.000">
    <skipped/>
  </testcase> <!-- tabtest -->
  <system-out/>
</testsuite> <!-- testpackage.NewTabTest -->
