<?xml version="1.0" encoding="UTF-8"?>
<!-- Generated by org.testng.reporters.JUnitReportReporter -->
<testsuite hostname="LAPTOP-MVNUQ4K1" failures="0" tests="2" name="testpackage.DragandDropTest" time="48.599" errors="0" timestamp="2022-12-04T00:13:22 GMT-05:00" skipped="0">
  <testcase classname="testpackage.DragandDropTest" name="DragtestforB" time="22.306"/>
  <system-out/>
  <testcase classname="testpackage.DragandDropTest" name="DragtestforA" time="26.293"/>
  <system-out/>
</testsuite> <!-- testpackage.DragandDropTest -->
