<?xml version="1.0" encoding="UTF-8"?>
<!-- Generated by org.testng.reporters.JUnitReportReporter -->
<testsuite hostname="LAPTOP-MVNUQ4K1" failures="0" tests="3" name="testpackage.JSAlertTest" time="11.557" errors="0" timestamp="2022-12-03T17:03:56 GMT-05:00" skipped="0">
  <testcase classname="testpackage.JSAlertTest" name="jsalerttest" time="4.125"/>
  <system-out/>
  <testcase classname="testpackage.JSAlertTest" name="jsconfirmtest" time="3.770"/>
  <system-out/>
  <testcase classname="testpackage.JSAlertTest" name="jsprompttest" time="3.662"/>
  <system-out/>
</testsuite> <!-- testpackage.JSAlertTest -->
