<?xml version="1.0" encoding="UTF-8"?>
<!-- Generated by org.testng.reporters.JUnitReportReporter -->
<testsuite hostname="LAPTOP-MVNUQ4K1" failures="0" tests="3" name="testpackage.DynamiccontentTest" time="76.342" errors="0" timestamp="2022-12-04T00:13:22 GMT-05:00" skipped="0">
  <testcase classname="testpackage.DynamiccontentTest" name="Dynamiccontent2test" time="23.605"/>
  <system-out/>
  <testcase classname="testpackage.DynamiccontentTest" name="Dynamiccontent1test" time="23.221"/>
  <system-out/>
  <testcase classname="testpackage.DynamiccontentTest" name="Dynamiccontent3test" time="29.516"/>
  <system-out/>
</testsuite> <!-- testpackage.DynamiccontentTest -->
