<?xml version="1.0" encoding="UTF-8"?>
<!-- Generated by org.testng.reporters.JUnitReportReporter -->
<testsuite hostname="LAPTOP-MVNUQ4K1" failures="0" tests="1" name="testpackage.NotificationTest" time="4.461" errors="0" timestamp="2022-12-03T17:03:56 GMT-05:00" skipped="0">
  <testcase classname="testpackage.NotificationTest" name="notificationtest" time="4.461"/>
  <system-out/>
</testsuite> <!-- testpackage.NotificationTest -->
