<?xml version="1.0" encoding="UTF-8"?>
<!-- Generated by org.testng.reporters.JUnitReportReporter -->
<testsuite hostname="LAPTOP-MVNUQ4K1" failures="0" tests="205" name="testpackage.LoginPageTest" time="0.007" errors="0" timestamp="2023-03-25T18:17:30 GMT-04:00" skipped="205">
  <testcase classname="testpackage.LoginPageTest" name="loginbuttontest" time="0.000">
    <skipped/>
  </testcase> <!-- loginbuttontest -->
  <system-out/>
  <testcase classname="testpackage.LoginPageTest" name="failloginbuttontest" time="0.000">
    <skipped/>
  </testcase> <!-- failloginbuttontest -->
  <system-out/>
  <testcase classname="testpackage.LoginPageTest" name="failloginbuttontest" time="0.000">
    <skipped/>
  </testcase> <!-- failloginbuttontest -->
  <system-out/>
  <testcase classname="testpackage.LoginPageTest" name="failloginbuttontest" time="0.000">
    <skipped/>
  </testcase> <!-- failloginbuttontest -->
  <system-out/>
  <testcase classname="testpackage.LoginPageTest" name="failloginbuttontest" time="0.000">
    <skipped/>
  </testcase> <!-- failloginbuttontest -->
  <system-out/>
  <testcase classname="testpackage.LoginPageTest" name="failloginbuttontest" time="0.000">
    <skipped/>
  </testcase> <!-- failloginbuttontest -->
  <system-out/>
  <testcase classname="testpackage.LoginPageTest" name="failloginbuttontest" time="0.000">
    <skipped/>
  </testcase> <!-- failloginbuttontest -->
  <system-out/>
  <testcase classname="testpackage.LoginPageTest" name="failloginbuttontest" time="0.000">
    <skipped/>
  </testcase> <!-- failloginbuttontest -->
  <system-out/>
  <testcase classname="testpackage.LoginPageTest" name="failloginbuttontest" time="0.000">
    <skipped/>
  </testcase> <!-- failloginbuttontest -->
  <system-out/>
  <testcase classname="testpackage.LoginPageTest" name="failloginbuttontest" time="0.000">
    <skipped/>
  </testcase> <!-- failloginbuttontest -->
  <system-out/>
  <testcase classname="testpackage.LoginPageTest" name="failloginbuttontest" time="0.000">
    <skipped/>
  </testcase> <!-- failloginbuttontest -->
  <system-out/>
  <testcase classname="testpackage.LoginPageTest" name="failloginbuttontest" time="0.000">
    <skipped/>
  </testcase> <!-- failloginbuttontest -->
  <system-out/>
  <testcase classname="testpackage.LoginPageTest" name="failloginbuttontest" time="0.000">
    <skipped/>
  </testcase> <!-- failloginbuttontest -->
  <system-out/>
  <testcase classname="testpackage.LoginPageTest" name="failloginbuttontest" time="0.000">
    <skipped/>
  </testcase> <!-- failloginbuttontest -->
  <system-out/>
  <testcase classname="testpackage.LoginPageTest" name="failloginbuttontest" time="0.000">
    <skipped/>
  </testcase> <!-- failloginbuttontest -->
  <system-out/>
  <testcase classname="testpackage.LoginPageTest" name="failloginbuttontest" time="0.000">
    <skipped/>
  </testcase> <!-- failloginbuttontest -->
  <system-out/>
  <testcase classname="testpackage.LoginPageTest" name="failloginbuttontest" time="0.000">
    <skipped/>
  </testcase> <!-- failloginbuttontest -->
  <system-out/>
  <testcase classname="testpackage.LoginPageTest" name="failloginbuttontest" time="0.000">
    <skipped/>
  </testcase> <!-- failloginbuttontest -->
  <system-out/>
  <testcase classname="testpackage.LoginPageTest" name="failloginbuttontest" time="0.000">
    <skipped/>
  </testcase> <!-- failloginbuttontest -->
  <system-out/>
  <testcase classname="testpackage.LoginPageTest" name="failloginbuttontest" time="0.000">
    <skipped/>
  </testcase> <!-- failloginbuttontest -->
  <system-out/>
  <testcase classname="testpackage.LoginPageTest" name="failloginbuttontest" time="0.000">
    <skipped/>
  </testcase> <!-- failloginbuttontest -->
  <system-out/>
  <testcase classname="testpackage.LoginPageTest" name="failloginbuttontest" time="0.001">
    <skipped/>
  </testcase> <!-- failloginbuttontest -->
  <system-out/>
  <testcase classname="testpackage.LoginPageTest" name="failloginbuttontest" time="0.000">
    <skipped/>
  </testcase> <!-- failloginbuttontest -->
  <system-out/>
  <testcase classname="testpackage.LoginPageTest" name="failloginbuttontest" time="0.000">
    <skipped/>
  </testcase> <!-- failloginbuttontest -->
  <system-out/>
  <testcase classname="testpackage.LoginPageTest" name="failloginbuttontest" time="0.000">
    <skipped/>
  </testcase> <!-- failloginbuttontest -->
  <system-out/>
  <testcase classname="testpackage.LoginPageTest" name="failloginbuttontest" time="0.000">
    <skipped/>
  </testcase> <!-- failloginbuttontest -->
  <system-out/>
  <testcase classname="testpackage.LoginPageTest" name="failloginbuttontest" time="0.000">
    <skipped/>
  </testcase> <!-- failloginbuttontest -->
  <system-out/>
  <testcase classname="testpackage.LoginPageTest" name="failloginbuttontest" time="0.000">
    <skipped/>
  </testcase> <!-- failloginbuttontest -->
  <system-out/>
  <testcase classname="testpackage.LoginPageTest" name="failloginbuttontest" time="0.000">
    <skipped/>
  </testcase> <!-- failloginbuttontest -->
  <system-out/>
  <testcase classname="testpackage.LoginPageTest" name="failloginbuttontest" time="0.000">
    <skipped/>
  </testcase> <!-- failloginbuttontest -->
  <system-out/>
  <testcase classname="testpackage.LoginPageTest" name="failloginbuttontest" time="0.000">
    <skipped/>
  </testcase> <!-- failloginbuttontest -->
  <system-out/>
  <testcase classname="testpackage.LoginPageTest" name="failloginbuttontest" time="0.000">
    <skipped/>
  </testcase> <!-- failloginbuttontest -->
  <system-out/>
  <testcase classname="testpackage.LoginPageTest" name="failloginbuttontest" time="0.000">
    <skipped/>
  </testcase> <!-- failloginbuttontest -->
  <system-out/>
  <testcase classname="testpackage.LoginPageTest" name="failloginbuttontest" time="0.000">
    <skipped/>
  </testcase> <!-- failloginbuttontest -->
  <system-out/>
  <testcase classname="testpackage.LoginPageTest" name="failloginbuttontest" time="0.000">
    <skipped/>
  </testcase> <!-- failloginbuttontest -->
  <system-out/>
  <testcase classname="testpackage.LoginPageTest" name="failloginbuttontest" time="0.000">
    <skipped/>
  </testcase> <!-- failloginbuttontest -->
  <system-out/>
  <testcase classname="testpackage.LoginPageTest" name="failloginbuttontest" time="0.000">
    <skipped/>
  </testcase> <!-- failloginbuttontest -->
  <system-out/>
  <testcase classname="testpackage.LoginPageTest" name="failloginbuttontest" time="0.000">
    <skipped/>
  </testcase> <!-- failloginbuttontest -->
  <system-out/>
  <testcase classname="testpackage.LoginPageTest" name="failloginbuttontest" time="0.000">
    <skipped/>
  </testcase> <!-- failloginbuttontest -->
  <system-out/>
  <testcase classname="testpackage.LoginPageTest" name="failloginbuttontest" time="0.000">
    <skipped/>
  </testcase> <!-- failloginbuttontest -->
  <system-out/>
  <testcase classname="testpackage.LoginPageTest" name="failloginbuttontest" time="0.000">
    <skipped/>
  </testcase> <!-- failloginbuttontest -->
  <system-out/>
  <testcase classname="testpackage.LoginPageTest" name="failloginbuttontest" time="0.000">
    <skipped/>
  </testcase> <!-- failloginbuttontest -->
  <system-out/>
  <testcase classname="testpackage.LoginPageTest" name="failloginbuttontest" time="0.000">
    <skipped/>
  </testcase> <!-- failloginbuttontest -->
  <system-out/>
  <testcase classname="testpackage.LoginPageTest" name="failloginbuttontest" time="0.000">
    <skipped/>
  </testcase> <!-- failloginbuttontest -->
  <system-out/>
  <testcase classname="testpackage.LoginPageTest" name="failloginbuttontest" time="0.000">
    <skipped/>
  </testcase> <!-- failloginbuttontest -->
  <system-out/>
  <testcase classname="testpackage.LoginPageTest" name="failloginbuttontest" time="0.000">
    <skipped/>
  </testcase> <!-- failloginbuttontest -->
  <system-out/>
  <testcase classname="testpackage.LoginPageTest" name="failloginbuttontest" time="0.000">
    <skipped/>
  </testcase> <!-- failloginbuttontest -->
  <system-out/>
  <testcase classname="testpackage.LoginPageTest" name="failloginbuttontest" time="0.000">
    <skipped/>
  </testcase> <!-- failloginbuttontest -->
  <system-out/>
  <testcase classname="testpackage.LoginPageTest" name="failloginbuttontest" time="0.000">
    <skipped/>
  </testcase> <!-- failloginbuttontest -->
  <system-out/>
  <testcase classname="testpackage.LoginPageTest" name="failloginbuttontest" time="0.000">
    <skipped/>
  </testcase> <!-- failloginbuttontest -->
  <system-out/>
  <testcase classname="testpackage.LoginPageTest" name="failloginbuttontest" time="0.000">
    <skipped/>
  </testcase> <!-- failloginbuttontest -->
  <system-out/>
  <testcase classname="testpackage.LoginPageTest" name="failloginbuttontest" time="0.000">
    <skipped/>
  </testcase> <!-- failloginbuttontest -->
  <system-out/>
  <testcase classname="testpackage.LoginPageTest" name="failloginbuttontest" time="0.000">
    <skipped/>
  </testcase> <!-- failloginbuttontest -->
  <system-out/>
  <testcase classname="testpackage.LoginPageTest" name="failloginbuttontest" time="0.000">
    <skipped/>
  </testcase> <!-- failloginbuttontest -->
  <system-out/>
  <testcase classname="testpackage.LoginPageTest" name="failloginbuttontest" time="0.000">
    <skipped/>
  </testcase> <!-- failloginbuttontest -->
  <system-out/>
  <testcase classname="testpackage.LoginPageTest" name="failloginbuttontest" time="0.000">
    <skipped/>
  </testcase> <!-- failloginbuttontest -->
  <system-out/>
  <testcase classname="testpackage.LoginPageTest" name="failloginbuttontest" time="0.000">
    <skipped/>
  </testcase> <!-- failloginbuttontest -->
  <system-out/>
  <testcase classname="testpackage.LoginPageTest" name="failloginbuttontest" time="0.000">
    <skipped/>
  </testcase> <!-- failloginbuttontest -->
  <system-out/>
  <testcase classname="testpackage.LoginPageTest" name="failloginbuttontest" time="0.000">
    <skipped/>
  </testcase> <!-- failloginbuttontest -->
  <system-out/>
  <testcase classname="testpackage.LoginPageTest" name="failloginbuttontest" time="0.000">
    <skipped/>
  </testcase> <!-- failloginbuttontest -->
  <system-out/>
  <testcase classname="testpackage.LoginPageTest" name="failloginbuttontest" time="0.000">
    <skipped/>
  </testcase> <!-- failloginbuttontest -->
  <system-out/>
  <testcase classname="testpackage.LoginPageTest" name="failloginbuttontest" time="0.000">
    <skipped/>
  </testcase> <!-- failloginbuttontest -->
  <system-out/>
  <testcase classname="testpackage.LoginPageTest" name="failloginbuttontest" time="0.000">
    <skipped/>
  </testcase> <!-- failloginbuttontest -->
  <system-out/>
  <testcase classname="testpackage.LoginPageTest" name="failloginbuttontest" time="0.000">
    <skipped/>
  </testcase> <!-- failloginbuttontest -->
  <system-out/>
  <testcase classname="testpackage.LoginPageTest" name="failloginbuttontest" time="0.000">
    <skipped/>
  </testcase> <!-- failloginbuttontest -->
  <system-out/>
  <testcase classname="testpackage.LoginPageTest" name="failloginbuttontest" time="0.001">
    <skipped/>
  </testcase> <!-- failloginbuttontest -->
  <system-out/>
  <testcase classname="testpackage.LoginPageTest" name="failloginbuttontest" time="0.000">
    <skipped/>
  </testcase> <!-- failloginbuttontest -->
  <system-out/>
  <testcase classname="testpackage.LoginPageTest" name="failloginbuttontest" time="0.000">
    <skipped/>
  </testcase> <!-- failloginbuttontest -->
  <system-out/>
  <testcase classname="testpackage.LoginPageTest" name="failloginbuttontest" time="0.000">
    <skipped/>
  </testcase> <!-- failloginbuttontest -->
  <system-out/>
  <testcase classname="testpackage.LoginPageTest" name="failloginbuttontest" time="0.000">
    <skipped/>
  </testcase> <!-- failloginbuttontest -->
  <system-out/>
  <testcase classname="testpackage.LoginPageTest" name="failloginbuttontest" time="0.000">
    <skipped/>
  </testcase> <!-- failloginbuttontest -->
  <system-out/>
  <testcase classname="testpackage.LoginPageTest" name="failloginbuttontest" time="0.000">
    <skipped/>
  </testcase> <!-- failloginbuttontest -->
  <system-out/>
  <testcase classname="testpackage.LoginPageTest" name="failloginbuttontest" time="0.000">
    <skipped/>
  </testcase> <!-- failloginbuttontest -->
  <system-out/>
  <testcase classname="testpackage.LoginPageTest" name="failloginbuttontest" time="0.000">
    <skipped/>
  </testcase> <!-- failloginbuttontest -->
  <system-out/>
  <testcase classname="testpackage.LoginPageTest" name="failloginbuttontest" time="0.000">
    <skipped/>
  </testcase> <!-- failloginbuttontest -->
  <system-out/>
  <testcase classname="testpackage.LoginPageTest" name="failloginbuttontest" time="0.000">
    <skipped/>
  </testcase> <!-- failloginbuttontest -->
  <system-out/>
  <testcase classname="testpackage.LoginPageTest" name="failloginbuttontest" time="0.000">
    <skipped/>
  </testcase> <!-- failloginbuttontest -->
  <system-out/>
  <testcase classname="testpackage.LoginPageTest" name="failloginbuttontest" time="0.000">
    <skipped/>
  </testcase> <!-- failloginbuttontest -->
  <system-out/>
  <testcase classname="testpackage.LoginPageTest" name="failloginbuttontest" time="0.000">
    <skipped/>
  </testcase> <!-- failloginbuttontest -->
  <system-out/>
  <testcase classname="testpackage.LoginPageTest" name="failloginbuttontest" time="0.000">
    <skipped/>
  </testcase> <!-- failloginbuttontest -->
  <system-out/>
  <testcase classname="testpackage.LoginPageTest" name="failloginbuttontest" time="0.000">
    <skipped/>
  </testcase> <!-- failloginbuttontest -->
  <system-out/>
  <testcase classname="testpackage.LoginPageTest" name="failloginbuttontest" time="0.000">
    <skipped/>
  </testcase> <!-- failloginbuttontest -->
  <system-out/>
  <testcase classname="testpackage.LoginPageTest" name="failloginbuttontest" time="0.000">
    <skipped/>
  </testcase> <!-- failloginbuttontest -->
  <system-out/>
  <testcase classname="testpackage.LoginPageTest" name="failloginbuttontest" time="0.000">
    <skipped/>
  </testcase> <!-- failloginbuttontest -->
  <system-out/>
  <testcase classname="testpackage.LoginPageTest" name="failloginbuttontest" time="0.000">
    <skipped/>
  </testcase> <!-- failloginbuttontest -->
  <system-out/>
  <testcase classname="testpackage.LoginPageTest" name="failloginbuttontest" time="0.000">
    <skipped/>
  </testcase> <!-- failloginbuttontest -->
  <system-out/>
  <testcase classname="testpackage.LoginPageTest" name="failloginbuttontest" time="0.000">
    <skipped/>
  </testcase> <!-- failloginbuttontest -->
  <system-out/>
  <testcase classname="testpackage.LoginPageTest" name="failloginbuttontest" time="0.000">
    <skipped/>
  </testcase> <!-- failloginbuttontest -->
  <system-out/>
  <testcase classname="testpackage.LoginPageTest" name="failloginbuttontest" time="0.000">
    <skipped/>
  </testcase> <!-- failloginbuttontest -->
  <system-out/>
  <testcase classname="testpackage.LoginPageTest" name="failloginbuttontest" time="0.000">
    <skipped/>
  </testcase> <!-- failloginbuttontest -->
  <system-out/>
  <testcase classname="testpackage.LoginPageTest" name="failloginbuttontest" time="0.000">
    <skipped/>
  </testcase> <!-- failloginbuttontest -->
  <system-out/>
  <testcase classname="testpackage.LoginPageTest" name="failloginbuttontest" time="0.000">
    <skipped/>
  </testcase> <!-- failloginbuttontest -->
  <system-out/>
  <testcase classname="testpackage.LoginPageTest" name="failloginbuttontest" time="0.000">
    <skipped/>
  </testcase> <!-- failloginbuttontest -->
  <system-out/>
  <testcase classname="testpackage.LoginPageTest" name="failloginbuttontest" time="0.000">
    <skipped/>
  </testcase> <!-- failloginbuttontest -->
  <system-out/>
  <testcase classname="testpackage.LoginPageTest" name="failloginbuttontest" time="0.000">
    <skipped/>
  </testcase> <!-- failloginbuttontest -->
  <system-out/>
  <testcase classname="testpackage.LoginPageTest" name="failloginbuttontest" time="0.000">
    <skipped/>
  </testcase> <!-- failloginbuttontest -->
  <system-out/>
  <testcase classname="testpackage.LoginPageTest" name="failloginbuttontest" time="0.000">
    <skipped/>
  </testcase> <!-- failloginbuttontest -->
  <system-out/>
  <testcase classname="testpackage.LoginPageTest" name="failloginbuttontest" time="0.000">
    <skipped/>
  </testcase> <!-- failloginbuttontest -->
  <system-out/>
  <testcase classname="testpackage.LoginPageTest" name="failloginbuttontest" time="0.000">
    <skipped/>
  </testcase> <!-- failloginbuttontest -->
  <system-out/>
  <testcase classname="testpackage.LoginPageTest" name="failloginbuttontest" time="0.000">
    <skipped/>
  </testcase> <!-- failloginbuttontest -->
  <system-out/>
  <testcase classname="testpackage.LoginPageTest" name="failloginbuttontest" time="0.000">
    <skipped/>
  </testcase> <!-- failloginbuttontest -->
  <system-out/>
  <testcase classname="testpackage.LoginPageTest" name="failloginbuttontest" time="0.000">
    <skipped/>
  </testcase> <!-- failloginbuttontest -->
  <system-out/>
  <testcase classname="testpackage.LoginPageTest" name="failloginbuttontest" time="0.000">
    <skipped/>
  </testcase> <!-- failloginbuttontest -->
  <system-out/>
  <testcase classname="testpackage.LoginPageTest" name="failloginbuttontest" time="0.000">
    <skipped/>
  </testcase> <!-- failloginbuttontest -->
  <system-out/>
  <testcase classname="testpackage.LoginPageTest" name="failloginbuttontest" time="0.000">
    <skipped/>
  </testcase> <!-- failloginbuttontest -->
  <system-out/>
  <testcase classname="testpackage.LoginPageTest" name="failloginbuttontest" time="0.000">
    <skipped/>
  </testcase> <!-- failloginbuttontest -->
  <system-out/>
  <testcase classname="testpackage.LoginPageTest" name="failloginbuttontest" time="0.000">
    <skipped/>
  </testcase> <!-- failloginbuttontest -->
  <system-out/>
  <testcase classname="testpackage.LoginPageTest" name="failloginbuttontest" time="0.000">
    <skipped/>
  </testcase> <!-- failloginbuttontest -->
  <system-out/>
  <testcase classname="testpackage.LoginPageTest" name="failloginbuttontest" time="0.000">
    <skipped/>
  </testcase> <!-- failloginbuttontest -->
  <system-out/>
  <testcase classname="testpackage.LoginPageTest" name="failloginbuttontest" time="0.000">
    <skipped/>
  </testcase> <!-- failloginbuttontest -->
  <system-out/>
  <testcase classname="testpackage.LoginPageTest" name="failloginbuttontest" time="0.000">
    <skipped/>
  </testcase> <!-- failloginbuttontest -->
  <system-out/>
  <testcase classname="testpackage.LoginPageTest" name="failloginbuttontest" time="0.000">
    <skipped/>
  </testcase> <!-- failloginbuttontest -->
  <system-out/>
  <testcase classname="testpackage.LoginPageTest" name="failloginbuttontest" time="0.000">
    <skipped/>
  </testcase> <!-- failloginbuttontest -->
  <system-out/>
  <testcase classname="testpackage.LoginPageTest" name="failloginbuttontest" time="0.000">
    <skipped/>
  </testcase> <!-- failloginbuttontest -->
  <system-out/>
  <testcase classname="testpackage.LoginPageTest" name="failloginbuttontest" time="0.000">
    <skipped/>
  </testcase> <!-- failloginbuttontest -->
  <system-out/>
  <testcase classname="testpackage.LoginPageTest" name="failloginbuttontest" time="0.000">
    <skipped/>
  </testcase> <!-- failloginbuttontest -->
  <system-out/>
  <testcase classname="testpackage.LoginPageTest" name="failloginbuttontest" time="0.000">
    <skipped/>
  </testcase> <!-- failloginbuttontest -->
  <system-out/>
  <testcase classname="testpackage.LoginPageTest" name="failloginbuttontest" time="0.000">
    <skipped/>
  </testcase> <!-- failloginbuttontest -->
  <system-out/>
  <testcase classname="testpackage.LoginPageTest" name="failloginbuttontest" time="0.000">
    <skipped/>
  </testcase> <!-- failloginbuttontest -->
  <system-out/>
  <testcase classname="testpackage.LoginPageTest" name="failloginbuttontest" time="0.000">
    <skipped/>
  </testcase> <!-- failloginbuttontest -->
  <system-out/>
  <testcase classname="testpackage.LoginPageTest" name="failloginbuttontest" time="0.000">
    <skipped/>
  </testcase> <!-- failloginbuttontest -->
  <system-out/>
  <testcase classname="testpackage.LoginPageTest" name="failloginbuttontest" time="0.000">
    <skipped/>
  </testcase> <!-- failloginbuttontest -->
  <system-out/>
  <testcase classname="testpackage.LoginPageTest" name="failloginbuttontest" time="0.000">
    <skipped/>
  </testcase> <!-- failloginbuttontest -->
  <system-out/>
  <testcase classname="testpackage.LoginPageTest" name="failloginbuttontest" time="0.000">
    <skipped/>
  </testcase> <!-- failloginbuttontest -->
  <system-out/>
  <testcase classname="testpackage.LoginPageTest" name="failloginbuttontest" time="0.000">
    <skipped/>
  </testcase> <!-- failloginbuttontest -->
  <system-out/>
  <testcase classname="testpackage.LoginPageTest" name="failloginbuttontest" time="0.000">
    <skipped/>
  </testcase> <!-- failloginbuttontest -->
  <system-out/>
  <testcase classname="testpackage.LoginPageTest" name="failloginbuttontest" time="0.000">
    <skipped/>
  </testcase> <!-- failloginbuttontest -->
  <system-out/>
  <testcase classname="testpackage.LoginPageTest" name="failloginbuttontest" time="0.000">
    <skipped/>
  </testcase> <!-- failloginbuttontest -->
  <system-out/>
  <testcase classname="testpackage.LoginPageTest" name="failloginbuttontest" time="0.000">
    <skipped/>
  </testcase> <!-- failloginbuttontest -->
  <system-out/>
  <testcase classname="testpackage.LoginPageTest" name="failloginbuttontest" time="0.000">
    <skipped/>
  </testcase> <!-- failloginbuttontest -->
  <system-out/>
  <testcase classname="testpackage.LoginPageTest" name="failloginbuttontest" time="0.000">
    <skipped/>
  </testcase> <!-- failloginbuttontest -->
  <system-out/>
  <testcase classname="testpackage.LoginPageTest" name="failloginbuttontest" time="0.000">
    <skipped/>
  </testcase> <!-- failloginbuttontest -->
  <system-out/>
  <testcase classname="testpackage.LoginPageTest" name="failloginbuttontest" time="0.000">
    <skipped/>
  </testcase> <!-- failloginbuttontest -->
  <system-out/>
  <testcase classname="testpackage.LoginPageTest" name="failloginbuttontest" time="0.000">
    <skipped/>
  </testcase> <!-- failloginbuttontest -->
  <system-out/>
  <testcase classname="testpackage.LoginPageTest" name="failloginbuttontest" time="0.000">
    <skipped/>
  </testcase> <!-- failloginbuttontest -->
  <system-out/>
  <testcase classname="testpackage.LoginPageTest" name="failloginbuttontest" time="0.000">
    <skipped/>
  </testcase> <!-- failloginbuttontest -->
  <system-out/>
  <testcase classname="testpackage.LoginPageTest" name="failloginbuttontest" time="0.000">
    <skipped/>
  </testcase> <!-- failloginbuttontest -->
  <system-out/>
  <testcase classname="testpackage.LoginPageTest" name="failloginbuttontest" time="0.000">
    <skipped/>
  </testcase> <!-- failloginbuttontest -->
  <system-out/>
  <testcase classname="testpackage.LoginPageTest" name="failloginbuttontest" time="0.000">
    <skipped/>
  </testcase> <!-- failloginbuttontest -->
  <system-out/>
  <testcase classname="testpackage.LoginPageTest" name="failloginbuttontest" time="0.000">
    <skipped/>
  </testcase> <!-- failloginbuttontest -->
  <system-out/>
  <testcase classname="testpackage.LoginPageTest" name="failloginbuttontest" time="0.000">
    <skipped/>
  </testcase> <!-- failloginbuttontest -->
  <system-out/>
  <testcase classname="testpackage.LoginPageTest" name="failloginbuttontest" time="0.000">
    <skipped/>
  </testcase> <!-- failloginbuttontest -->
  <system-out/>
  <testcase classname="testpackage.LoginPageTest" name="failloginbuttontest" time="0.000">
    <skipped/>
  </testcase> <!-- failloginbuttontest -->
  <system-out/>
  <testcase classname="testpackage.LoginPageTest" name="failloginbuttontest" time="0.000">
    <skipped/>
  </testcase> <!-- failloginbuttontest -->
  <system-out/>
  <testcase classname="testpackage.LoginPageTest" name="failloginbuttontest" time="0.000">
    <skipped/>
  </testcase> <!-- failloginbuttontest -->
  <system-out/>
  <testcase classname="testpackage.LoginPageTest" name="failloginbuttontest" time="0.000">
    <skipped/>
  </testcase> <!-- failloginbuttontest -->
  <system-out/>
  <testcase classname="testpackage.LoginPageTest" name="failloginbuttontest" time="0.000">
    <skipped/>
  </testcase> <!-- failloginbuttontest -->
  <system-out/>
  <testcase classname="testpackage.LoginPageTest" name="failloginbuttontest" time="0.000">
    <skipped/>
  </testcase> <!-- failloginbuttontest -->
  <system-out/>
  <testcase classname="testpackage.LoginPageTest" name="failloginbuttontest" time="0.000">
    <skipped/>
  </testcase> <!-- failloginbuttontest -->
  <system-out/>
  <testcase classname="testpackage.LoginPageTest" name="failloginbuttontest" time="0.000">
    <skipped/>
  </testcase> <!-- failloginbuttontest -->
  <system-out/>
  <testcase classname="testpackage.LoginPageTest" name="failloginbuttontest" time="0.000">
    <skipped/>
  </testcase> <!-- failloginbuttontest -->
  <system-out/>
  <testcase classname="testpackage.LoginPageTest" name="failloginbuttontest" time="0.001">
    <skipped/>
  </testcase> <!-- failloginbuttontest -->
  <system-out/>
  <testcase classname="testpackage.LoginPageTest" name="failloginbuttontest" time="0.001">
    <skipped/>
  </testcase> <!-- failloginbuttontest -->
  <system-out/>
  <testcase classname="testpackage.LoginPageTest" name="failloginbuttontest" time="0.000">
    <skipped/>
  </testcase> <!-- failloginbuttontest -->
  <system-out/>
  <testcase classname="testpackage.LoginPageTest" name="failloginbuttontest" time="0.000">
    <skipped/>
  </testcase> <!-- failloginbuttontest -->
  <system-out/>
  <testcase classname="testpackage.LoginPageTest" name="failloginbuttontest" time="0.000">
    <skipped/>
  </testcase> <!-- failloginbuttontest -->
  <system-out/>
  <testcase classname="testpackage.LoginPageTest" name="failloginbuttontest" time="0.000">
    <skipped/>
  </testcase> <!-- failloginbuttontest -->
  <system-out/>
  <testcase classname="testpackage.LoginPageTest" name="failloginbuttontest" time="0.000">
    <skipped/>
  </testcase> <!-- failloginbuttontest -->
  <system-out/>
  <testcase classname="testpackage.LoginPageTest" name="failloginbuttontest" time="0.000">
    <skipped/>
  </testcase> <!-- failloginbuttontest -->
  <system-out/>
  <testcase classname="testpackage.LoginPageTest" name="failloginbuttontest" time="0.000">
    <skipped/>
  </testcase> <!-- failloginbuttontest -->
  <system-out/>
  <testcase classname="testpackage.LoginPageTest" name="failloginbuttontest" time="0.000">
    <skipped/>
  </testcase> <!-- failloginbuttontest -->
  <system-out/>
  <testcase classname="testpackage.LoginPageTest" name="failloginbuttontest" time="0.000">
    <skipped/>
  </testcase> <!-- failloginbuttontest -->
  <system-out/>
  <testcase classname="testpackage.LoginPageTest" name="failloginbuttontest" time="0.000">
    <skipped/>
  </testcase> <!-- failloginbuttontest -->
  <system-out/>
  <testcase classname="testpackage.LoginPageTest" name="failloginbuttontest" time="0.000">
    <skipped/>
  </testcase> <!-- failloginbuttontest -->
  <system-out/>
  <testcase classname="testpackage.LoginPageTest" name="failloginbuttontest" time="0.000">
    <skipped/>
  </testcase> <!-- failloginbuttontest -->
  <system-out/>
  <testcase classname="testpackage.LoginPageTest" name="failloginbuttontest" time="0.000">
    <skipped/>
  </testcase> <!-- failloginbuttontest -->
  <system-out/>
  <testcase classname="testpackage.LoginPageTest" name="failloginbuttontest" time="0.000">
    <skipped/>
  </testcase> <!-- failloginbuttontest -->
  <system-out/>
  <testcase classname="testpackage.LoginPageTest" name="failloginbuttontest" time="0.000">
    <skipped/>
  </testcase> <!-- failloginbuttontest -->
  <system-out/>
  <testcase classname="testpackage.LoginPageTest" name="failloginbuttontest" time="0.000">
    <skipped/>
  </testcase> <!-- failloginbuttontest -->
  <system-out/>
  <testcase classname="testpackage.LoginPageTest" name="failloginbuttontest" time="0.000">
    <skipped/>
  </testcase> <!-- failloginbuttontest -->
  <system-out/>
  <testcase classname="testpackage.LoginPageTest" name="failloginbuttontest" time="0.000">
    <skipped/>
  </testcase> <!-- failloginbuttontest -->
  <system-out/>
  <testcase classname="testpackage.LoginPageTest" name="failloginbuttontest" time="0.000">
    <skipped/>
  </testcase> <!-- failloginbuttontest -->
  <system-out/>
  <testcase classname="testpackage.LoginPageTest" name="failloginbuttontest" time="0.000">
    <skipped/>
  </testcase> <!-- failloginbuttontest -->
  <system-out/>
  <testcase classname="testpackage.LoginPageTest" name="failloginbuttontest" time="0.000">
    <skipped/>
  </testcase> <!-- failloginbuttontest -->
  <system-out/>
  <testcase classname="testpackage.LoginPageTest" name="failloginbuttontest" time="0.000">
    <skipped/>
  </testcase> <!-- failloginbuttontest -->
  <system-out/>
  <testcase classname="testpackage.LoginPageTest" name="failloginbuttontest" time="0.000">
    <skipped/>
  </testcase> <!-- failloginbuttontest -->
  <system-out/>
  <testcase classname="testpackage.LoginPageTest" name="failloginbuttontest" time="0.000">
    <skipped/>
  </testcase> <!-- failloginbuttontest -->
  <system-out/>
  <testcase classname="testpackage.LoginPageTest" name="failloginbuttontest" time="0.000">
    <skipped/>
  </testcase> <!-- failloginbuttontest -->
  <system-out/>
  <testcase classname="testpackage.LoginPageTest" name="failloginbuttontest" time="0.000">
    <skipped/>
  </testcase> <!-- failloginbuttontest -->
  <system-out/>
  <testcase classname="testpackage.LoginPageTest" name="failloginbuttontest" time="0.000">
    <skipped/>
  </testcase> <!-- failloginbuttontest -->
  <system-out/>
  <testcase classname="testpackage.LoginPageTest" name="failloginbuttontest" time="0.001">
    <skipped/>
  </testcase> <!-- failloginbuttontest -->
  <system-out/>
  <testcase classname="testpackage.LoginPageTest" name="failloginbuttontest" time="0.000">
    <skipped/>
  </testcase> <!-- failloginbuttontest -->
  <system-out/>
  <testcase classname="testpackage.LoginPageTest" name="failloginbuttontest" time="0.000">
    <skipped/>
  </testcase> <!-- failloginbuttontest -->
  <system-out/>
  <testcase classname="testpackage.LoginPageTest" name="failloginbuttontest" time="0.000">
    <skipped/>
  </testcase> <!-- failloginbuttontest -->
  <system-out/>
  <testcase classname="testpackage.LoginPageTest" name="failloginbuttontest" time="0.000">
    <skipped/>
  </testcase> <!-- failloginbuttontest -->
  <system-out/>
  <testcase classname="testpackage.LoginPageTest" name="failloginbuttontest" time="0.000">
    <skipped/>
  </testcase> <!-- failloginbuttontest -->
  <system-out/>
  <testcase classname="testpackage.LoginPageTest" name="failloginbuttontest" time="0.000">
    <skipped/>
  </testcase> <!-- failloginbuttontest -->
  <system-out/>
  <testcase classname="testpackage.LoginPageTest" name="failloginbuttontest" time="0.000">
    <skipped/>
  </testcase> <!-- failloginbuttontest -->
  <system-out/>
  <testcase classname="testpackage.LoginPageTest" name="failloginbuttontest" time="0.000">
    <skipped/>
  </testcase> <!-- failloginbuttontest -->
  <system-out/>
  <testcase classname="testpackage.LoginPageTest" name="failloginbuttontest" time="0.000">
    <skipped/>
  </testcase> <!-- failloginbuttontest -->
  <system-out/>
  <testcase classname="testpackage.LoginPageTest" name="failloginbuttontest" time="0.000">
    <skipped/>
  </testcase> <!-- failloginbuttontest -->
  <system-out/>
  <testcase classname="testpackage.LoginPageTest" name="failloginbuttontest" time="0.000">
    <skipped/>
  </testcase> <!-- failloginbuttontest -->
  <system-out/>
  <testcase classname="testpackage.LoginPageTest" name="failloginbuttontest" time="0.000">
    <skipped/>
  </testcase> <!-- failloginbuttontest -->
  <system-out/>
  <testcase classname="testpackage.LoginPageTest" name="failloginbuttontest" time="0.000">
    <skipped/>
  </testcase> <!-- failloginbuttontest -->
  <system-out/>
  <testcase classname="testpackage.LoginPageTest" name="failloginbuttontest" time="0.001">
    <skipped/>
  </testcase> <!-- failloginbuttontest -->
  <system-out/>
  <testcase classname="testpackage.LoginPageTest" name="failloginbuttontest" time="0.000">
    <skipped/>
  </testcase> <!-- failloginbuttontest -->
  <system-out/>
  <testcase classname="testpackage.LoginPageTest" name="failloginbuttontest" time="0.000">
    <skipped/>
  </testcase> <!-- failloginbuttontest -->
  <system-out/>
  <testcase classname="testpackage.LoginPageTest" name="failloginbuttontest" time="0.000">
    <skipped/>
  </testcase> <!-- failloginbuttontest -->
  <system-out/>
  <testcase classname="testpackage.LoginPageTest" name="failloginbuttontest" time="0.000">
    <skipped/>
  </testcase> <!-- failloginbuttontest -->
  <system-out/>
  <testcase classname="testpackage.LoginPageTest" name="failloginbuttontest" time="0.000">
    <skipped/>
  </testcase> <!-- failloginbuttontest -->
  <system-out/>
  <testcase classname="testpackage.LoginPageTest" name="failloginbuttontest" time="0.001">
    <skipped/>
  </testcase> <!-- failloginbuttontest -->
  <system-out/>
  <testcase classname="testpackage.LoginPageTest" name="failloginbuttontest" time="0.000">
    <skipped/>
  </testcase> <!-- failloginbuttontest -->
  <system-out/>
  <testcase classname="testpackage.LoginPageTest" name="failloginbuttontest" time="0.000">
    <skipped/>
  </testcase> <!-- failloginbuttontest -->
  <system-out/>
  <testcase classname="testpackage.LoginPageTest" name="failloginbuttontest" time="0.000">
    <skipped/>
  </testcase> <!-- failloginbuttontest -->
  <system-out/>
  <testcase classname="testpackage.LoginPageTest" name="failloginbuttontest" time="0.000">
    <skipped/>
  </testcase> <!-- failloginbuttontest -->
  <system-out/>
</testsuite> <!-- testpackage.LoginPageTest -->
