<?xml version="1.0" encoding="UTF-8"?>
<!-- Generated by org.testng.reporters.JUnitReportReporter -->
<testsuite hostname="LAPTOP-MVNUQ4K1" failures="0" tests="2" name="testpackage.DragandDropTest" time="2.678" errors="0" timestamp="2023-08-19T18:40:15 GMT-04:00" skipped="0">
  <testcase classname="testpackage.DragandDropTest" name="DragtestforB" time="1.327"/>
  <system-out/>
  <testcase classname="testpackage.DragandDropTest" name="DragtestforA" time="1.351"/>
  <system-out/>
</testsuite> <!-- testpackage.DragandDropTest -->
