<?xml version="1.0" encoding="UTF-8"?>
<!-- Generated by org.testng.reporters.JUnitReportReporter -->
<testsuite hostname="LAPTOP-MVNUQ4K1" failures="0" tests="3" name="testpackage.JSAlertTest" time="0.000" errors="0" timestamp="2023-03-25T18:17:30 GMT-04:00" skipped="3">
  <testcase classname="testpackage.JSAlertTest" name="jsprompttest" time="0.000">
    <skipped/>
  </testcase> <!-- jsprompttest -->
  <system-out/>
  <testcase classname="testpackage.JSAlertTest" name="jsalerttest" time="0.000">
    <skipped/>
  </testcase> <!-- jsalerttest -->
  <system-out/>
  <testcase classname="testpackage.JSAlertTest" name="jsconfirmtest" time="0.000">
    <skipped/>
  </testcase> <!-- jsconfirmtest -->
  <system-out/>
</testsuite> <!-- testpackage.JSAlertTest -->
