<?xml version="1.0" encoding="UTF-8"?>
<!-- Generated by org.testng.reporters.JUnitReportReporter -->
<testsuite hostname="LAPTOP-MVNUQ4K1" failures="0" tests="2" name="testpackage.DragandDropTest" time="0.000" errors="0" timestamp="2023-03-25T18:17:30 GMT-04:00" skipped="2">
  <testcase classname="testpackage.DragandDropTest" name="DragtestforB" time="0.000">
    <skipped/>
  </testcase> <!-- DragtestforB -->
  <system-out/>
  <testcase classname="testpackage.DragandDropTest" name="DragtestforA" time="0.000">
    <skipped/>
  </testcase> <!-- DragtestforA -->
  <system-out/>
</testsuite> <!-- testpackage.DragandDropTest -->
