<?xml version="1.0" encoding="UTF-8"?>
<!-- Generated by org.testng.reporters.JUnitReportReporter -->
<testsuite hostname="LAPTOP-MVNUQ4K1" failures="0" tests="1" name="testpackage.ContextmenuTest" time="1.169" errors="0" timestamp="2023-08-19T18:40:15 GMT-04:00" skipped="0">
  <testcase classname="testpackage.ContextmenuTest" name="alerttest" time="1.169"/>
  <system-out/>
</testsuite> <!-- testpackage.ContextmenuTest -->
