<?xml version="1.0" encoding="UTF-8"?>
<!-- Generated by org.testng.reporters.JUnitReportReporter -->
<testsuite hostname="LAPTOP-MVNUQ4K1" failures="0" tests="1" name="testpackage.ContextmenuTest" time="5.857" errors="0" timestamp="2022-12-02T19:02:47 EST" skipped="0">
  <testcase classname="testpackage.ContextmenuTest" name="alerttest" time="5.857"/>
  <system-out/>
</testsuite> <!-- testpackage.ContextmenuTest -->
