<?xml version="1.0" encoding="UTF-8"?>
<!-- Generated by org.testng.reporters.JUnitReportReporter -->
<testsuite hostname="LAPTOP-MVNUQ4K1" failures="0" tests="1" name="testpackage.DynamicLoadingTest" time="32.458" errors="0" timestamp="2022-12-04T00:13:22 GMT-05:00" skipped="0">
  <testcase classname="testpackage.DynamicLoadingTest" name="startbuttontest" time="32.458"/>
  <system-out/>
</testsuite> <!-- testpackage.DynamicLoadingTest -->
