<?xml version="1.0" encoding="UTF-8"?>
<!-- Generated by org.testng.reporters.JUnitReportReporter -->
<testsuite hostname="LAPTOP-MVNUQ4K1" failures="0" tests="2" name="testpackage.LoginPageTest" time="52.348" errors="0" timestamp="2022-12-04T00:13:22 GMT-05:00" skipped="0">
  <testcase classname="testpackage.LoginPageTest" name="loginbuttontest" time="28.795"/>
  <system-out/>
  <testcase classname="testpackage.LoginPageTest" name="failloginbuttontest" time="23.553"/>
  <system-out/>
</testsuite> <!-- testpackage.LoginPageTest -->
