<?xml version="1.0" encoding="UTF-8"?>
<!-- Generated by org.testng.reporters.JUnitReportReporter -->
<testsuite hostname="LAPTOP-MVNUQ4K1" failures="0" tests="2" name="testpackage.CheckBoxTest" time="2.326" errors="0" timestamp="2023-08-19T18:40:15 GMT-04:00" skipped="0">
  <testcase classname="testpackage.CheckBoxTest" name="UncheckedCheckBoxtest" time="1.154"/>
  <system-out/>
  <testcase classname="testpackage.CheckBoxTest" name="CheckedCheckBoxtest" time="1.172"/>
  <system-out/>
</testsuite> <!-- testpackage.CheckBoxTest -->
