<?xml version="1.0" encoding="UTF-8"?>
<!-- Generated by org.testng.reporters.JUnitReportReporter -->
<testsuite hostname="LAPTOP-MVNUQ4K1" failures="0" tests="3" name="testpackage.JSAlertTest" time="17.308" errors="0" timestamp="2022-12-02T19:02:47 EST" skipped="0">
  <testcase classname="testpackage.JSAlertTest" name="jsconfirmtest" time="5.431"/>
  <system-out/>
  <testcase classname="testpackage.JSAlertTest" name="jsprompttest" time="5.432"/>
  <system-out/>
  <testcase classname="testpackage.JSAlertTest" name="jsalerttest" time="6.445"/>
  <system-out/>
</testsuite> <!-- testpackage.JSAlertTest -->
