<?xml version="1.0" encoding="UTF-8"?>
<!-- Generated by org.testng.reporters.JUnitReportReporter -->
<testsuite hostname="LAPTOP-MVNUQ4K1" failures="0" tests="3" name="testpackage.JSAlertTest" time="3.599" errors="0" timestamp="2023-08-19T18:40:15 GMT-04:00" skipped="0">
  <testcase classname="testpackage.JSAlertTest" name="jsalerttest" time="1.182"/>
  <system-out/>
  <testcase classname="testpackage.JSAlertTest" name="jsconfirmtest" time="1.194"/>
  <system-out/>
  <testcase classname="testpackage.JSAlertTest" name="jsprompttest" time="1.223"/>
  <system-out/>
</testsuite> <!-- testpackage.JSAlertTest -->
