<?xml version="1.0" encoding="UTF-8"?>
<!-- Generated by org.testng.reporters.JUnitReportReporter -->
<testsuite hostname="LAPTOP-MVNUQ4K1" failures="0" tests="3" name="testpackage.DynamiccontentTest" time="0.000" errors="0" timestamp="2023-03-25T18:17:30 GMT-04:00" skipped="3">
  <testcase classname="testpackage.DynamiccontentTest" name="Dynamiccontent2test" time="0.000">
    <skipped/>
  </testcase> <!-- Dynamiccontent2test -->
  <system-out/>
  <testcase classname="testpackage.DynamiccontentTest" name="Dynamiccontent3test" time="0.000">
    <skipped/>
  </testcase> <!-- Dynamiccontent3test -->
  <system-out/>
  <testcase classname="testpackage.DynamiccontentTest" name="Dynamiccontent1test" time="0.000">
    <skipped/>
  </testcase> <!-- Dynamiccontent1test -->
  <system-out/>
</testsuite> <!-- testpackage.DynamiccontentTest -->
